2024-09-15 21:56:00.734 [info] Added views:workbench.panel.markers.view in workbench.panel.markers
2024-09-15 21:56:00.734 [info] Added views:workbench.panel.output in workbench.panel.output
2024-09-15 21:56:00.734 [info] Added views:terminal in terminal
2024-09-15 21:56:00.734 [info] Added views:outline in workbench.view.explorer
2024-09-15 21:56:00.734 [info] Added views:workbench.scm in workbench.view.scm
2024-09-15 21:56:00.734 [info] Added views:workbench.view.search in workbench.view.search
2024-09-15 21:56:00.734 [info] Added views:timeline in workbench.view.explorer
2024-09-15 21:56:00.734 [info] Added views:workbench.explorer.fileView in workbench.view.explorer
2024-09-15 21:56:00.903 [info] Added views:workbench.debug.welcome in workbench.view.debug
2024-09-15 21:56:01.668 [info] Added views:ocaml-sandbox,ocaml-switches,ocaml-commands,ocaml-help in workbench.view.extension.ocaml-explorer
2024-09-15 21:56:01.683 [info] Added views:~remote.forwardedPorts in ~remote.forwardedPortsContainer
2024-09-15 21:56:02.055 [info] Added views:workbench.panel.repl.view in workbench.panel.repl
2024-09-15 21:56:07.128 [info] Added views:workbench.views.extensions.installed,workbench.views.extensions.popular,extensions.recommendedList in workbench.view.extensions
2024-09-15 21:56:07.128 [info] Removed views:workbench.views.extensions.popular from workbench.view.extensions
2024-09-15 22:07:14.353 [info] Added views:workbench.panel.markers.view in workbench.panel.markers
2024-09-15 22:07:14.353 [info] Added views:workbench.panel.output in workbench.panel.output
2024-09-15 22:07:14.353 [info] Added views:terminal in terminal
2024-09-15 22:07:14.353 [info] Added views:outline in workbench.view.explorer
2024-09-15 22:07:14.353 [info] Added views:workbench.scm in workbench.view.scm
2024-09-15 22:07:14.353 [info] Added views:workbench.view.search in workbench.view.search
2024-09-15 22:07:14.353 [info] Added views:timeline in workbench.view.explorer
2024-09-15 22:07:14.353 [info] Added views:workbench.explorer.fileView in workbench.view.explorer
2024-09-15 22:07:14.449 [info] Added views:workbench.debug.variablesView,workbench.debug.watchExpressionsView,workbench.debug.callStackView,workbench.debug.breakPointsView in workbench.view.debug
2024-09-15 22:07:14.661 [info] Added views:ocaml-sandbox,ocaml-switches,ocaml-commands,ocaml-help in workbench.view.extension.ocaml-explorer
2024-09-15 22:07:14.673 [info] Added views:~remote.forwardedPorts in ~remote.forwardedPortsContainer
2024-09-15 22:07:14.702 [info] Added views:workbench.panel.repl.view in workbench.panel.repl
2024-09-15 22:07:14.703 [info] Removed views:workbench.debug.breakPointsView,workbench.debug.callStackView,workbench.debug.watchExpressionsView,workbench.debug.variablesView from workbench.view.debug
2024-09-15 22:07:14.704 [info] Added views:workbench.debug.welcome in workbench.view.debug
