2024-09-15 15:58:34.572 [info] Added views:workbench.panel.markers.view in workbench.panel.markers
2024-09-15 15:58:34.572 [info] Added views:workbench.panel.output in workbench.panel.output
2024-09-15 15:58:34.572 [info] Added views:terminal in terminal
2024-09-15 15:58:34.572 [info] Added views:outline in workbench.view.explorer
2024-09-15 15:58:34.572 [info] Added views:workbench.scm in workbench.view.scm
2024-09-15 15:58:34.572 [info] Added views:workbench.view.search in workbench.view.search
2024-09-15 15:58:34.572 [info] Added views:timeline in workbench.view.explorer
2024-09-15 15:58:34.572 [info] Added views:workbench.explorer.fileView in workbench.view.explorer
2024-09-15 15:58:34.744 [info] Added views:workbench.debug.welcome in workbench.view.debug
2024-09-15 15:58:35.446 [info] Added views:ocaml-sandbox,ocaml-switches,ocaml-commands,ocaml-help in workbench.view.extension.ocaml-explorer
2024-09-15 15:58:35.460 [info] Added views:~remote.forwardedPorts in ~remote.forwardedPortsContainer
2024-09-15 15:58:35.918 [info] Added views:workbench.panel.repl.view in workbench.panel.repl
2024-09-15 18:42:37.252 [info] Added views:workbench.panel.markers.view in workbench.panel.markers
2024-09-15 18:42:37.253 [info] Added views:workbench.panel.output in workbench.panel.output
2024-09-15 18:42:37.253 [info] Added views:terminal in terminal
2024-09-15 18:42:37.253 [info] Added views:outline in workbench.view.explorer
2024-09-15 18:42:37.253 [info] Added views:workbench.scm in workbench.view.scm
2024-09-15 18:42:37.253 [info] Added views:workbench.view.search in workbench.view.search
2024-09-15 18:42:37.253 [info] Added views:timeline in workbench.view.explorer
2024-09-15 18:42:37.253 [info] Added views:workbench.explorer.fileView in workbench.view.explorer
2024-09-15 18:42:37.364 [info] Added views:workbench.debug.welcome in workbench.view.debug
2024-09-15 18:42:38.787 [info] Added views:ocaml-sandbox,ocaml-switches,ocaml-commands,ocaml-help in workbench.view.extension.ocaml-explorer
2024-09-15 18:42:38.799 [info] Added views:~remote.forwardedPorts in ~remote.forwardedPortsContainer
2024-09-15 18:42:38.966 [info] Added views:workbench.panel.repl.view in workbench.panel.repl
