2024-09-15 19:01:13.607 [info] [main] Log level: Info
2024-09-15 19:01:13.607 [info] [main] Validating found git in: "git"
2024-09-15 19:01:14.188 [info] [main] Using git "2.46.0" from "git"
2024-09-15 19:01:14.188 [info] [Model][doInitialScan] Initial repository scan started
2024-09-15 19:01:14.310 [info] > git rev-parse --show-toplevel [111ms]
2024-09-15 19:01:14.310 [info] fatal: not a git repository (or any parent up to mount point /)
Stopping at filesystem boundary (GIT_DISCOVERY_ACROSS_FILESYSTEM not set).
2024-09-15 19:01:14.335 [info] > git rev-parse --show-toplevel [7ms]
2024-09-15 19:01:14.335 [info] fatal: not a git repository (or any parent up to mount point /)
Stopping at filesystem boundary (GIT_DISCOVERY_ACROSS_FILESYSTEM not set).
2024-09-15 19:01:14.341 [info] > git rev-parse --show-toplevel [2ms]
2024-09-15 19:01:14.341 [info] fatal: not a git repository (or any parent up to mount point /)
Stopping at filesystem boundary (GIT_DISCOVERY_ACROSS_FILESYSTEM not set).
2024-09-15 19:01:14.367 [info] > git rev-parse --show-toplevel [23ms]
2024-09-15 19:01:14.367 [info] fatal: not a git repository (or any parent up to mount point /)
Stopping at filesystem boundary (GIT_DISCOVERY_ACROSS_FILESYSTEM not set).
2024-09-15 19:01:14.383 [info] > git rev-parse --show-toplevel [13ms]
2024-09-15 19:01:14.383 [info] fatal: not a git repository (or any parent up to mount point /)
Stopping at filesystem boundary (GIT_DISCOVERY_ACROSS_FILESYSTEM not set).
2024-09-15 19:01:14.384 [info] [Model][doInitialScan] Initial repository scan completed - repositories (0), closed repositories (0), parent repositories (0), unsafe repositories (0)
2024-09-15 19:03:50.395 [info] > git rev-parse --show-toplevel [1ms]
2024-09-15 19:03:50.395 [info] fatal: not a git repository (or any parent up to mount point /)
Stopping at filesystem boundary (GIT_DISCOVERY_ACROSS_FILESYSTEM not set).
2024-09-15 19:09:39.370 [info] > git rev-parse --show-toplevel [4ms]
2024-09-15 19:09:39.370 [info] fatal: not a git repository (or any parent up to mount point /)
Stopping at filesystem boundary (GIT_DISCOVERY_ACROSS_FILESYSTEM not set).
