2024-09-13 13:31:52.409 [info] [main] Log level: Info
2024-09-13 13:31:52.409 [info] [main] Validating found git in: "git"
2024-09-13 13:31:52.409 [info] [main] Using git "2.46.0" from "git"
2024-09-13 13:31:52.409 [info] [Model][doInitialScan] Initial repository scan started
2024-09-13 13:31:52.409 [info] > git rev-parse --show-toplevel [10ms]
2024-09-13 13:31:52.409 [info] fatal: not a git repository (or any parent up to mount point /)
Stopping at filesystem boundary (GIT_DISCOVERY_ACROSS_FILESYSTEM not set).
2024-09-13 13:31:52.409 [info] > git rev-parse --show-toplevel [6ms]
2024-09-13 13:31:52.409 [info] fatal: not a git repository (or any parent up to mount point /)
Stopping at filesystem boundary (GIT_DISCOVERY_ACROSS_FILESYSTEM not set).
2024-09-13 13:31:52.409 [info] > git rev-parse --show-toplevel [1ms]
2024-09-13 13:31:52.409 [info] fatal: not a git repository (or any parent up to mount point /)
Stopping at filesystem boundary (GIT_DISCOVERY_ACROSS_FILESYSTEM not set).
2024-09-13 13:31:52.412 [info] > git rev-parse --show-toplevel [1ms]
2024-09-13 13:31:52.412 [info] fatal: not a git repository (or any parent up to mount point /)
Stopping at filesystem boundary (GIT_DISCOVERY_ACROSS_FILESYSTEM not set).
2024-09-13 13:31:52.415 [info] > git rev-parse --show-toplevel [1ms]
2024-09-13 13:31:52.415 [info] fatal: not a git repository (or any parent up to mount point /)
Stopping at filesystem boundary (GIT_DISCOVERY_ACROSS_FILESYSTEM not set).
2024-09-13 13:31:52.416 [info] [Model][doInitialScan] Initial repository scan completed - repositories (0), closed repositories (0), parent repositories (0), unsafe repositories (0)
2024-09-13 13:31:54.488 [info] > git rev-parse --show-toplevel [1ms]
2024-09-13 13:31:54.488 [info] fatal: not a git repository (or any parent up to mount point /)
Stopping at filesystem boundary (GIT_DISCOVERY_ACROSS_FILESYSTEM not set).
2024-09-13 13:32:07.024 [info] > git rev-parse --show-toplevel [2ms]
2024-09-13 13:32:07.024 [info] fatal: not a git repository (or any parent up to mount point /)
Stopping at filesystem boundary (GIT_DISCOVERY_ACROSS_FILESYSTEM not set).
2024-09-13 13:32:07.045 [info] > git rev-parse --show-toplevel [1ms]
2024-09-13 13:32:07.045 [info] fatal: not a git repository (or any parent up to mount point /)
Stopping at filesystem boundary (GIT_DISCOVERY_ACROSS_FILESYSTEM not set).
2024-09-13 13:32:19.066 [info] > git rev-parse --show-toplevel [3ms]
2024-09-13 13:32:19.066 [info] fatal: not a git repository (or any parent up to mount point /)
Stopping at filesystem boundary (GIT_DISCOVERY_ACROSS_FILESYSTEM not set).
2024-09-13 13:33:29.145 [info] > git rev-parse --show-toplevel [3ms]
2024-09-13 13:33:29.145 [info] fatal: not a git repository (or any parent up to mount point /)
Stopping at filesystem boundary (GIT_DISCOVERY_ACROSS_FILESYSTEM not set).
2024-09-13 13:35:19.057 [info] > git rev-parse --show-toplevel [3ms]
2024-09-13 13:35:19.057 [info] fatal: not a git repository (or any parent up to mount point /)
Stopping at filesystem boundary (GIT_DISCOVERY_ACROSS_FILESYSTEM not set).
2024-09-13 13:55:29.598 [info] > git rev-parse --show-toplevel [1ms]
2024-09-13 13:55:29.598 [info] fatal: not a git repository (or any parent up to mount point /)
Stopping at filesystem boundary (GIT_DISCOVERY_ACROSS_FILESYSTEM not set).
2024-09-13 13:58:49.828 [info] > git rev-parse --show-toplevel [1ms]
2024-09-13 13:58:49.828 [info] fatal: not a git repository (or any parent up to mount point /)
Stopping at filesystem boundary (GIT_DISCOVERY_ACROSS_FILESYSTEM not set).
2024-09-13 13:59:10.322 [info] > git rev-parse --show-toplevel [2ms]
2024-09-13 13:59:10.322 [info] fatal: not a git repository (or any parent up to mount point /)
Stopping at filesystem boundary (GIT_DISCOVERY_ACROSS_FILESYSTEM not set).
2024-09-13 13:59:18.376 [info] > git rev-parse --show-toplevel [2ms]
2024-09-13 13:59:18.376 [info] fatal: not a git repository (or any parent up to mount point /)
Stopping at filesystem boundary (GIT_DISCOVERY_ACROSS_FILESYSTEM not set).
2024-09-13 13:59:31.727 [info] > git rev-parse --show-toplevel [3ms]
2024-09-13 13:59:31.727 [info] fatal: not a git repository (or any parent up to mount point /)
Stopping at filesystem boundary (GIT_DISCOVERY_ACROSS_FILESYSTEM not set).
2024-09-13 13:59:31.960 [info] > git rev-parse --show-toplevel [93ms]
2024-09-13 13:59:31.960 [info] fatal: not a git repository (or any parent up to mount point /)
Stopping at filesystem boundary (GIT_DISCOVERY_ACROSS_FILESYSTEM not set).
2024-09-13 14:10:23.421 [info] > git rev-parse --show-toplevel [41ms]
2024-09-13 14:10:23.433 [info] fatal: not a git repository (or any parent up to mount point /)
Stopping at filesystem boundary (GIT_DISCOVERY_ACROSS_FILESYSTEM not set).
2024-09-13 14:14:51.331 [info] > git rev-parse --show-toplevel [2ms]
2024-09-13 14:14:51.331 [info] fatal: not a git repository (or any parent up to mount point /)
Stopping at filesystem boundary (GIT_DISCOVERY_ACROSS_FILESYSTEM not set).
