2024-09-15 21:56:02.045 [info] Extension host with pid 32625 started
2024-09-15 21:56:02.045 [info] Skipping acquiring lock for /home/jvj/.config/Code/User/workspaceStorage/42a39221c6e0430559634d9c07ff51ff.
2024-09-15 21:56:02.053 [info] ExtensionService#_doActivateExtension vscode.emmet, startup: false, activationEvent: 'onLanguage'
2024-09-15 21:56:02.080 [info] ExtensionService#_doActivateExtension ms-vscode.cpptools, startup: false, activationEvent: 'onLanguage:c'
2024-09-15 21:56:02.655 [info] ExtensionService#_doActivateExtension vscode.git-base, startup: true, activationEvent: '*', root cause: vscode.git
2024-09-15 21:56:03.110 [info] ExtensionService#_doActivateExtension vscode.git, startup: true, activationEvent: '*'
2024-09-15 21:56:03.240 [info] ExtensionService#_doActivateExtension vscode.github, startup: true, activationEvent: '*'
2024-09-15 21:56:03.375 [info] ExtensionService#_doActivateExtension ocamllabs.ocaml-platform, startup: true, activationEvent: 'workspaceContains:**/dune-workspace,**/dune,**/dune-project,**/*.opam,**/*.ml,**/*.mli,**/*.mll,**/*.mly,**/*.re,**/*.rei'
2024-09-15 21:56:03.695 [info] Eager extensions activated
2024-09-15 21:56:03.749 [info] ExtensionService#_doActivateExtension vscode.debug-auto-launch, startup: false, activationEvent: 'onStartupFinished'
2024-09-15 21:56:03.761 [info] ExtensionService#_doActivateExtension vscode.merge-conflict, startup: false, activationEvent: 'onStartupFinished'
2024-09-15 22:07:13.196 [info] Extension host terminating: renderer closed the MessagePort
2024-09-15 22:07:13.262 [info] Extension host with pid 32625 exiting with code 0
2024-09-15 22:07:14.639 [info] Extension host with pid 34824 started
2024-09-15 22:07:14.639 [info] Skipping acquiring lock for /home/jvj/.config/Code/User/workspaceStorage/9246ee0d53c37e792cb707f2d7da25ce.
2024-09-15 22:07:14.704 [info] ExtensionService#_doActivateExtension vscode.git-base, startup: true, activationEvent: '*', root cause: vscode.git
2024-09-15 22:07:14.757 [info] ExtensionService#_doActivateExtension vscode.git, startup: true, activationEvent: '*'
2024-09-15 22:07:14.778 [info] ExtensionService#_doActivateExtension vscode.github, startup: true, activationEvent: '*'
2024-09-15 22:07:14.808 [info] Eager extensions activated
2024-09-15 22:07:14.821 [info] ExtensionService#_doActivateExtension vscode.debug-auto-launch, startup: false, activationEvent: 'onStartupFinished'
2024-09-15 22:07:14.825 [info] ExtensionService#_doActivateExtension vscode.merge-conflict, startup: false, activationEvent: 'onStartupFinished'
2024-09-15 22:07:14.861 [info] ExtensionService#_doActivateExtension vscode.emmet, startup: false, activationEvent: 'onLanguage'
2024-09-15 22:07:14.872 [info] ExtensionService#_doActivateExtension vscode.github-authentication, startup: false, activationEvent: 'onAuthenticationRequest:github'
