2024-09-13 13:28:38.123 [info] [main] Log level: Info
2024-09-13 13:28:38.123 [info] [main] Validating found git in: "git"
2024-09-13 13:28:38.504 [info] [main] Using git "2.46.0" from "git"
2024-09-13 13:28:38.504 [info] [Model][doInitialScan] Initial repository scan started
2024-09-13 13:28:38.516 [info] > git rev-parse --show-toplevel [8ms]
2024-09-13 13:28:38.516 [info] fatal: not a git repository (or any parent up to mount point /)
Stopping at filesystem boundary (GIT_DISCOVERY_ACROSS_FILESYSTEM not set).
2024-09-13 13:28:38.534 [info] > git rev-parse --show-toplevel [3ms]
2024-09-13 13:28:38.534 [info] fatal: not a git repository (or any parent up to mount point /)
Stopping at filesystem boundary (GIT_DISCOVERY_ACROSS_FILESYSTEM not set).
2024-09-13 13:28:38.540 [info] > git rev-parse --show-toplevel [0ms]
2024-09-13 13:28:38.540 [info] fatal: not a git repository (or any parent up to mount point /)
Stopping at filesystem boundary (GIT_DISCOVERY_ACROSS_FILESYSTEM not set).
2024-09-13 13:28:39.110 [info] > git rev-parse --show-toplevel [1ms]
2024-09-13 13:28:39.110 [info] fatal: not a git repository (or any parent up to mount point /)
Stopping at filesystem boundary (GIT_DISCOVERY_ACROSS_FILESYSTEM not set).
2024-09-13 13:28:39.115 [info] > git rev-parse --show-toplevel [2ms]
2024-09-13 13:28:39.115 [info] fatal: not a git repository (or any parent up to mount point /)
Stopping at filesystem boundary (GIT_DISCOVERY_ACROSS_FILESYSTEM not set).
2024-09-13 13:28:39.120 [info] > git rev-parse --show-toplevel [3ms]
2024-09-13 13:28:39.120 [info] fatal: not a git repository (or any parent up to mount point /)
Stopping at filesystem boundary (GIT_DISCOVERY_ACROSS_FILESYSTEM not set).
2024-09-13 13:28:39.124 [info] > git rev-parse --show-toplevel [2ms]
2024-09-13 13:28:39.124 [info] fatal: not a git repository (or any parent up to mount point /)
Stopping at filesystem boundary (GIT_DISCOVERY_ACROSS_FILESYSTEM not set).
2024-09-13 13:28:39.127 [info] > git rev-parse --show-toplevel [1ms]
2024-09-13 13:28:39.127 [info] fatal: not a git repository (or any parent up to mount point /)
Stopping at filesystem boundary (GIT_DISCOVERY_ACROSS_FILESYSTEM not set).
2024-09-13 13:28:39.131 [info] > git rev-parse --show-toplevel [1ms]
2024-09-13 13:28:39.131 [info] fatal: not a git repository (or any parent up to mount point /)
Stopping at filesystem boundary (GIT_DISCOVERY_ACROSS_FILESYSTEM not set).
2024-09-13 13:28:39.135 [info] > git rev-parse --show-toplevel [2ms]
2024-09-13 13:28:39.135 [info] fatal: not a git repository (or any parent up to mount point /)
Stopping at filesystem boundary (GIT_DISCOVERY_ACROSS_FILESYSTEM not set).
2024-09-13 13:28:39.139 [info] > git rev-parse --show-toplevel [1ms]
2024-09-13 13:28:39.139 [info] fatal: not a git repository (or any parent up to mount point /)
Stopping at filesystem boundary (GIT_DISCOVERY_ACROSS_FILESYSTEM not set).
2024-09-13 13:28:39.143 [info] > git rev-parse --show-toplevel [2ms]
2024-09-13 13:28:39.143 [info] fatal: not a git repository (or any parent up to mount point /)
Stopping at filesystem boundary (GIT_DISCOVERY_ACROSS_FILESYSTEM not set).
2024-09-13 13:28:39.147 [info] > git rev-parse --show-toplevel [1ms]
2024-09-13 13:28:39.147 [info] fatal: not a git repository (or any parent up to mount point /)
Stopping at filesystem boundary (GIT_DISCOVERY_ACROSS_FILESYSTEM not set).
2024-09-13 13:28:39.151 [info] > git rev-parse --show-toplevel [1ms]
2024-09-13 13:28:39.151 [info] fatal: not a git repository (or any parent up to mount point /)
Stopping at filesystem boundary (GIT_DISCOVERY_ACROSS_FILESYSTEM not set).
2024-09-13 13:28:39.157 [info] > git rev-parse --show-toplevel [3ms]
2024-09-13 13:28:39.157 [info] fatal: not a git repository (or any parent up to mount point /)
Stopping at filesystem boundary (GIT_DISCOVERY_ACROSS_FILESYSTEM not set).
2024-09-13 13:28:39.159 [info] > git rev-parse --show-toplevel [1ms]
2024-09-13 13:28:39.159 [info] fatal: not a git repository (or any parent up to mount point /)
Stopping at filesystem boundary (GIT_DISCOVERY_ACROSS_FILESYSTEM not set).
2024-09-13 13:28:39.163 [info] > git rev-parse --show-toplevel [1ms]
2024-09-13 13:28:39.163 [info] fatal: not a git repository (or any parent up to mount point /)
Stopping at filesystem boundary (GIT_DISCOVERY_ACROSS_FILESYSTEM not set).
2024-09-13 13:28:39.167 [info] > git rev-parse --show-toplevel [1ms]
2024-09-13 13:28:39.167 [info] fatal: not a git repository (or any parent up to mount point /)
Stopping at filesystem boundary (GIT_DISCOVERY_ACROSS_FILESYSTEM not set).
2024-09-13 13:28:39.173 [info] > git rev-parse --show-toplevel [3ms]
2024-09-13 13:28:39.177 [info] > git rev-parse --git-dir --git-common-dir [1ms]
2024-09-13 13:28:39.189 [info] [Model][openRepository] Opened repository: /home/jvj/dotfiles
2024-09-13 13:28:39.207 [info] > git rev-parse --show-toplevel [1ms]
2024-09-13 13:28:39.207 [info] fatal: not a git repository (or any parent up to mount point /)
Stopping at filesystem boundary (GIT_DISCOVERY_ACROSS_FILESYSTEM not set).
2024-09-13 13:28:39.207 [info] > git config --get commit.template [6ms]
2024-09-13 13:28:39.214 [info] > git rev-parse --show-toplevel [4ms]
2024-09-13 13:28:39.214 [info] fatal: not a git repository (or any parent up to mount point /)
Stopping at filesystem boundary (GIT_DISCOVERY_ACROSS_FILESYSTEM not set).
2024-09-13 13:28:39.230 [info] > git rev-parse --show-toplevel [14ms]
2024-09-13 13:28:39.233 [info] > git for-each-ref --format=%(refname)%00%(upstream:short)%00%(objectname)%00%(upstream:track)%00%(upstream:remotename)%00%(upstream:remoteref) refs/heads/main refs/remotes/main [21ms]
2024-09-13 13:28:39.236 [warning] [Git][revParse] Unable to read file: ENOENT: no such file or directory, open '/home/jvj/dotfiles/.git/refs/remotes/origin/main'
2024-09-13 13:28:39.236 [info] > git rev-parse --git-dir --git-common-dir [3ms]
2024-09-13 13:28:39.239 [info] [Model][openRepository] Opened repository: /home/jvj/ocaml-lsp
2024-09-13 13:28:39.252 [info] > git rev-parse refs/remotes/origin/main [16ms]
2024-09-13 13:28:39.256 [info] > git rev-parse --show-toplevel [4ms]
2024-09-13 13:28:39.256 [info] fatal: not a git repository (or any parent up to mount point /)
Stopping at filesystem boundary (GIT_DISCOVERY_ACROSS_FILESYSTEM not set).
2024-09-13 13:28:39.257 [info] > git config --get commit.template [7ms]
2024-09-13 13:28:39.263 [info] > git rev-parse --show-toplevel [3ms]
2024-09-13 13:28:39.263 [info] fatal: not a git repository (or any parent up to mount point /)
Stopping at filesystem boundary (GIT_DISCOVERY_ACROSS_FILESYSTEM not set).
2024-09-13 13:28:39.266 [info] > git rev-parse --show-toplevel [1ms]
2024-09-13 13:28:39.266 [info] fatal: not a git repository (or any parent up to mount point /)
Stopping at filesystem boundary (GIT_DISCOVERY_ACROSS_FILESYSTEM not set).
2024-09-13 13:28:39.269 [info] > git rev-parse --show-toplevel [1ms]
2024-09-13 13:28:39.269 [info] fatal: not a git repository (or any parent up to mount point /)
Stopping at filesystem boundary (GIT_DISCOVERY_ACROSS_FILESYSTEM not set).
2024-09-13 13:28:39.283 [info] > git rev-parse --show-toplevel [12ms]
2024-09-13 13:28:39.289 [info] > git rev-parse --git-dir --git-common-dir [1ms]
2024-09-13 13:28:39.293 [info] [Model][openRepository] Opened repository: /home/jvj/yay
2024-09-13 13:28:39.302 [info] > git config --get commit.template [3ms]
2024-09-13 13:28:39.304 [info] > git rev-parse --show-toplevel [3ms]
2024-09-13 13:28:39.304 [info] fatal: not a git repository (or any parent up to mount point /)
Stopping at filesystem boundary (GIT_DISCOVERY_ACROSS_FILESYSTEM not set).
2024-09-13 13:28:39.305 [info] [Model][doInitialScan] Initial repository scan completed - repositories (3), closed repositories (0), parent repositories (0), unsafe repositories (0)
2024-09-13 13:28:39.380 [info] > git for-each-ref --format=%(refname)%00%(upstream:short)%00%(objectname)%00%(upstream:track)%00%(upstream:remotename)%00%(upstream:remoteref) refs/heads/master refs/remotes/master [118ms]
2024-09-13 13:28:39.384 [warning] [Git][revParse] Unable to read file: ENOENT: no such file or directory, open '/home/jvj/ocaml-lsp/.git/refs/remotes/origin/master'
2024-09-13 13:28:39.386 [info] > git rev-parse refs/remotes/origin/master [2ms]
2024-09-13 13:28:39.390 [info] > git for-each-ref --format=%(refname)%00%(upstream:short)%00%(objectname)%00%(upstream:track)%00%(upstream:remotename)%00%(upstream:remoteref) refs/heads/master refs/remotes/master [80ms]
2024-09-13 13:28:39.392 [warning] [Git][revParse] Unable to read file: ENOENT: no such file or directory, open '/home/jvj/yay/.git/refs/remotes/origin/master'
2024-09-13 13:28:39.394 [info] > git rev-parse refs/remotes/origin/master [2ms]
2024-09-13 13:28:39.413 [info] > git status -z -uall [16ms]
2024-09-13 13:28:39.428 [info] > git for-each-ref --format=%(refname)%00%(upstream:short)%00%(objectname)%00%(upstream:track)%00%(upstream:remotename)%00%(upstream:remoteref) refs/heads/master refs/remotes/master [7ms]
2024-09-13 13:28:39.434 [info] > git config --local branch.master.vscode-merge-base [2ms]
2024-09-13 13:28:39.438 [info] > git config --get commit.template [11ms]
2024-09-13 13:28:39.441 [info] > git for-each-ref --format=%(refname)%00%(upstream:short)%00%(objectname)%00%(upstream:track)%00%(upstream:remotename)%00%(upstream:remoteref) refs/heads/origin/master refs/remotes/origin/master [3ms]
2024-09-13 13:28:39.445 [info] > git for-each-ref --format=%(refname)%00%(upstream:short)%00%(objectname)%00%(upstream:track)%00%(upstream:remotename)%00%(upstream:remoteref) refs/heads/master refs/remotes/master [5ms]
2024-09-13 13:28:39.451 [warning] [Git][revParse] Unable to read file: ENOENT: no such file or directory, open '/home/jvj/yay/.git/refs/remotes/origin/master'
2024-09-13 13:28:39.451 [info] > git status -z -uall [196ms]
2024-09-13 13:28:39.451 [info] > git merge-base refs/heads/master refs/remotes/origin/master [7ms]
2024-09-13 13:28:39.454 [info] > git rev-parse refs/remotes/origin/master [3ms]
2024-09-13 13:28:39.464 [info] > git status -z -uall [8ms]
2024-09-13 13:28:39.468 [info] > git rev-list --count --left-right refs/heads/master...refs/remotes/origin/master [14ms]
2024-09-13 13:28:39.471 [info] > git for-each-ref --format=%(refname)%00%(upstream:short)%00%(objectname)%00%(upstream:track)%00%(upstream:remotename)%00%(upstream:remoteref) refs/heads/master refs/remotes/master [4ms]
2024-09-13 13:28:39.474 [info] > git config --get commit.template [10ms]
2024-09-13 13:28:39.474 [info] > git for-each-ref --format=%(refname)%00%(upstream:short)%00%(objectname)%00%(upstream:track)%00%(upstream:remotename)%00%(upstream:remoteref) refs/heads/main refs/remotes/main [15ms]
2024-09-13 13:28:39.478 [info] > git config --local branch.main.vscode-merge-base [1ms]
2024-09-13 13:28:39.483 [info] > git config --local branch.master.vscode-merge-base [9ms]
2024-09-13 13:28:39.485 [info] > git diff --name-status -z --diff-filter=ADMR 4abc0938416a57cbd9974864caff28b4b7c3415a...refs/remotes/origin/master [15ms]
2024-09-13 13:28:39.544 [info] > git for-each-ref --format=%(refname)%00%(upstream:short)%00%(objectname)%00%(upstream:track)%00%(upstream:remotename)%00%(upstream:remoteref) refs/heads/origin/master refs/remotes/origin/master [59ms]
2024-09-13 13:28:39.544 [info] > git for-each-ref --format=%(refname)%00%(upstream:short)%00%(objectname)%00%(upstream:track)%00%(upstream:remotename)%00%(upstream:remoteref) refs/heads/origin/main refs/remotes/origin/main [61ms]
2024-09-13 13:28:39.554 [info] > git merge-base refs/heads/main refs/remotes/origin/main [7ms]
2024-09-13 13:28:39.557 [info] > git for-each-ref --format=%(refname)%00%(upstream:short)%00%(objectname)%00%(upstream:track)%00%(upstream:remotename)%00%(upstream:remoteref) refs/heads/main refs/remotes/main [17ms]
2024-09-13 13:28:39.560 [warning] [Git][revParse] Unable to read file: ENOENT: no such file or directory, open '/home/jvj/dotfiles/.git/refs/remotes/origin/main'
2024-09-13 13:28:39.561 [info] > git rev-list --count --left-right refs/heads/main...refs/remotes/origin/main [4ms]
2024-09-13 13:28:39.564 [info] > git rev-parse refs/remotes/origin/main [4ms]
2024-09-13 13:28:39.568 [info] > git diff --name-status -z --diff-filter=ADMR 298278bc115722aaf85136a31993de4b4992b239...refs/remotes/origin/main [5ms]
2024-09-13 13:28:39.607 [info] > git status -z -uall [40ms]
2024-09-13 13:28:39.612 [info] > git for-each-ref --format=%(refname)%00%(upstream:short)%00%(objectname)%00%(upstream:track)%00%(upstream:remotename)%00%(upstream:remoteref) refs/heads/main refs/remotes/main [2ms]
2024-09-13 13:28:39.616 [info] > git config --local branch.main.vscode-merge-base [2ms]
2024-09-13 13:28:39.618 [info] > git for-each-ref --format=%(refname)%00%(upstream:short)%00%(objectname)%00%(upstream:track)%00%(upstream:remotename)%00%(upstream:remoteref) refs/heads/origin/main refs/remotes/origin/main [1ms]
2024-09-13 13:28:39.710 [info] > git check-ignore -v -z --stdin [1ms]
2024-09-13 13:28:40.317 [info] > git status -z -uall [928ms]
2024-09-13 13:28:40.330 [info] > git for-each-ref --format=%(refname)%00%(upstream:short)%00%(objectname)%00%(upstream:track)%00%(upstream:remotename)%00%(upstream:remoteref) refs/heads/master refs/remotes/master [7ms]
2024-09-13 13:28:40.337 [info] > git config --get commit.template [7ms]
2024-09-13 13:28:40.341 [info] > git config --local branch.master.vscode-merge-base [7ms]
2024-09-13 13:28:40.344 [info] > git for-each-ref --format=%(refname)%00%(upstream:short)%00%(objectname)%00%(upstream:track)%00%(upstream:remotename)%00%(upstream:remoteref) refs/heads/master refs/remotes/master [3ms]
2024-09-13 13:28:40.347 [warning] [Git][revParse] Unable to read file: ENOENT: no such file or directory, open '/home/jvj/ocaml-lsp/.git/refs/remotes/origin/master'
2024-09-13 13:28:40.348 [info] > git for-each-ref --format=%(refname)%00%(upstream:short)%00%(objectname)%00%(upstream:track)%00%(upstream:remotename)%00%(upstream:remoteref) refs/heads/origin/master refs/remotes/origin/master [4ms]
2024-09-13 13:28:40.351 [info] > git rev-parse refs/remotes/origin/master [4ms]
2024-09-13 13:28:40.356 [info] > git merge-base refs/heads/master refs/remotes/origin/master [5ms]
2024-09-13 13:28:40.362 [info] > git rev-list --count --left-right refs/heads/master...refs/remotes/origin/master [2ms]
2024-09-13 13:28:40.368 [info] > git diff --name-status -z --diff-filter=ADMR 3dc1a6633bfe2ebd34d7aa38f008c8c28300ee55...refs/remotes/origin/master [2ms]
2024-09-13 13:28:40.381 [info] > git status -z -uall [26ms]
2024-09-13 13:28:40.387 [info] > git for-each-ref --format=%(refname)%00%(upstream:short)%00%(objectname)%00%(upstream:track)%00%(upstream:remotename)%00%(upstream:remoteref) refs/heads/master refs/remotes/master [2ms]
2024-09-13 13:28:40.391 [info] > git config --local branch.master.vscode-merge-base [2ms]
2024-09-13 13:28:40.394 [info] > git for-each-ref --format=%(refname)%00%(upstream:short)%00%(objectname)%00%(upstream:track)%00%(upstream:remotename)%00%(upstream:remoteref) refs/heads/origin/master refs/remotes/origin/master [1ms]
2024-09-13 13:28:51.582 [info] > git rev-parse --show-toplevel [3ms]
2024-09-13 13:28:51.582 [info] fatal: not a git repository (or any parent up to mount point /)
Stopping at filesystem boundary (GIT_DISCOVERY_ACROSS_FILESYSTEM not set).
2024-09-13 13:28:51.587 [info] > git rev-parse --show-toplevel [1ms]
2024-09-13 13:28:51.587 [info] fatal: not a git repository (or any parent up to mount point /)
Stopping at filesystem boundary (GIT_DISCOVERY_ACROSS_FILESYSTEM not set).
2024-09-13 13:28:56.236 [info] [main] Log level: Info
2024-09-13 13:28:56.236 [info] [main] Validating found git in: "git"
2024-09-13 13:28:56.236 [info] [main] Using git "2.46.0" from "git"
2024-09-13 13:28:56.236 [info] [Model][doInitialScan] Initial repository scan started
2024-09-13 13:28:56.236 [info] > git rev-parse --show-toplevel [7ms]
2024-09-13 13:28:56.236 [info] fatal: not a git repository (or any parent up to mount point /)
Stopping at filesystem boundary (GIT_DISCOVERY_ACROSS_FILESYSTEM not set).
2024-09-13 13:28:56.246 [info] > git rev-parse --show-toplevel [3ms]
2024-09-13 13:28:56.246 [info] fatal: not a git repository (or any parent up to mount point /)
Stopping at filesystem boundary (GIT_DISCOVERY_ACROSS_FILESYSTEM not set).
2024-09-13 13:28:56.250 [info] > git rev-parse --show-toplevel [1ms]
2024-09-13 13:28:56.250 [info] fatal: not a git repository (or any parent up to mount point /)
Stopping at filesystem boundary (GIT_DISCOVERY_ACROSS_FILESYSTEM not set).
2024-09-13 13:28:56.251 [info] [Model][doInitialScan] Initial repository scan completed - repositories (0), closed repositories (0), parent repositories (0), unsafe repositories (0)
2024-09-13 13:28:56.759 [info] > git rev-parse --show-toplevel [11ms]
2024-09-13 13:28:56.759 [info] fatal: not a git repository (or any parent up to mount point /)
Stopping at filesystem boundary (GIT_DISCOVERY_ACROSS_FILESYSTEM not set).
2024-09-13 13:28:56.765 [info] > git rev-parse --show-toplevel [3ms]
2024-09-13 13:28:56.765 [info] fatal: not a git repository (or any parent up to mount point /)
Stopping at filesystem boundary (GIT_DISCOVERY_ACROSS_FILESYSTEM not set).
2024-09-13 13:28:57.926 [info] > git rev-parse --show-toplevel [3ms]
2024-09-13 13:28:57.926 [info] fatal: not a git repository (or any parent up to mount point /)
Stopping at filesystem boundary (GIT_DISCOVERY_ACROSS_FILESYSTEM not set).
2024-09-13 13:28:58.024 [info] > git rev-parse --show-toplevel [5ms]
2024-09-13 13:28:58.024 [info] fatal: not a git repository (or any parent up to mount point /)
Stopping at filesystem boundary (GIT_DISCOVERY_ACROSS_FILESYSTEM not set).
2024-09-13 13:28:58.044 [info] > git rev-parse --show-toplevel [1ms]
2024-09-13 13:28:58.044 [info] fatal: not a git repository (or any parent up to mount point /)
Stopping at filesystem boundary (GIT_DISCOVERY_ACROSS_FILESYSTEM not set).
2024-09-13 13:28:58.055 [info] > git rev-parse --show-toplevel [2ms]
2024-09-13 13:28:58.055 [info] fatal: not a git repository (or any parent up to mount point /)
Stopping at filesystem boundary (GIT_DISCOVERY_ACROSS_FILESYSTEM not set).
2024-09-13 13:29:00.454 [info] > git rev-parse --show-toplevel [2ms]
2024-09-13 13:29:00.454 [info] fatal: not a git repository (or any parent up to mount point /)
Stopping at filesystem boundary (GIT_DISCOVERY_ACROSS_FILESYSTEM not set).
2024-09-13 13:30:01.464 [info] > git rev-parse --show-toplevel [1ms]
2024-09-13 13:30:01.464 [info] fatal: not a git repository (or any parent up to mount point /)
Stopping at filesystem boundary (GIT_DISCOVERY_ACROSS_FILESYSTEM not set).
