2024-09-13 13:33:55.200 [info] Getting Manifest... ms-vscode.cpptools-extension-pack
2024-09-13 13:33:55.220 [info] Installing extension: ms-vscode.cpptools-extension-pack {"isMachineScoped":false,"profileLocation":{"$mid":1,"external":"vscode-userdata:/home/jvj/.vscode/extensions/extensions.json","path":"/home/jvj/.vscode/extensions/extensions.json","scheme":"vscode-userdata"},"installOnlyNewlyAddedFromExtensionPack":true,"isApplicationScoped":false,"productVersion":{"version":"1.92.2","date":"2024-08-14T17:29:30.058Z"}}
2024-09-13 13:33:55.242 [info] Getting Manifest... ms-vscode.cpptools-extension-pack
2024-09-13 13:33:55.251 [info] Extension is already requested to install ms-vscode.cpptools-extension-pack vscode-userdata:/home/jvj/.vscode/extensions/extensions.json
2024-09-13 13:34:54.883 [info] Getting Manifest... ms-vscode.cpptools
2024-09-13 13:36:46.831 [info] Getting Manifest... ms-vscode.cmake-tools
2024-09-13 13:37:02.313 [info] Getting Manifest... twxs.cmake
2024-09-13 13:37:05.191 [info] Getting Manifest... ms-vscode.cpptools-themes
2024-09-13 13:37:09.477 [info] Installing extension: ms-vscode.cpptools {"isMachineScoped":false,"profileLocation":{"$mid":1,"external":"vscode-userdata:/home/jvj/.vscode/extensions/extensions.json","path":"/home/jvj/.vscode/extensions/extensions.json","scheme":"vscode-userdata"},"installOnlyNewlyAddedFromExtensionPack":true,"isApplicationScoped":false,"productVersion":{"version":"1.92.2","date":"2024-08-14T17:29:30.058Z"},"context":{"dependecyOrPackExtensionInstall":true}}
2024-09-13 13:37:09.478 [info] Installing extension: ms-vscode.cmake-tools {"isMachineScoped":false,"profileLocation":{"$mid":1,"external":"vscode-userdata:/home/jvj/.vscode/extensions/extensions.json","path":"/home/jvj/.vscode/extensions/extensions.json","scheme":"vscode-userdata"},"installOnlyNewlyAddedFromExtensionPack":true,"isApplicationScoped":false,"productVersion":{"version":"1.92.2","date":"2024-08-14T17:29:30.058Z"},"context":{"dependecyOrPackExtensionInstall":true}}
2024-09-13 13:37:09.478 [info] Installing extension: twxs.cmake {"isMachineScoped":false,"profileLocation":{"$mid":1,"external":"vscode-userdata:/home/jvj/.vscode/extensions/extensions.json","path":"/home/jvj/.vscode/extensions/extensions.json","scheme":"vscode-userdata"},"installOnlyNewlyAddedFromExtensionPack":true,"isApplicationScoped":false,"productVersion":{"version":"1.92.2","date":"2024-08-14T17:29:30.058Z"},"context":{"dependecyOrPackExtensionInstall":true}}
2024-09-13 13:37:09.478 [info] Installing extension: ms-vscode.cpptools-themes {"isMachineScoped":false,"profileLocation":{"$mid":1,"external":"vscode-userdata:/home/jvj/.vscode/extensions/extensions.json","path":"/home/jvj/.vscode/extensions/extensions.json","scheme":"vscode-userdata"},"installOnlyNewlyAddedFromExtensionPack":true,"isApplicationScoped":false,"productVersion":{"version":"1.92.2","date":"2024-08-14T17:29:30.058Z"},"context":{"dependecyOrPackExtensionInstall":true}}
2024-09-13 13:50:12.591 [info] Extension signature verification result for ms-vscode.cpptools-extension-pack: UnknownError. Executed: true. Duration: 298ms.
2024-09-13 13:50:12.628 [info] Extracted extension to file:///home/jvj/.vscode/extensions/ms-vscode.cpptools-extension-pack-1.3.0: ms-vscode.cpptools-extension-pack
2024-09-13 13:50:12.653 [info] Renamed to /home/jvj/.vscode/extensions/ms-vscode.cpptools-extension-pack-1.3.0
2024-09-13 13:50:12.750 [error] [uncaught exception in sharedProcess]: Error: ENOENT: no such file or directory, stat '/home/jvj/.vscode/extensions/extensions.json.vsctmp': EntryNotFound (FileSystemError): Error: ENOENT: no such file or directory, stat '/home/jvj/.vscode/extensions/extensions.json.vsctmp'
    at o.create (/opt/visual-studio-code/resources/app/out/vs/code/node/sharedProcess/sharedProcessMain.js:54:19408)
    at u (/opt/visual-studio-code/resources/app/out/vs/code/node/sharedProcess/sharedProcessMain.js:54:19519)
    at p.hb (/opt/visual-studio-code/resources/app/out/vs/code/node/sharedProcess/sharedProcessMain.js:59:36714)
    at p.stat (/opt/visual-studio-code/resources/app/out/vs/code/node/sharedProcess/sharedProcessMain.js:59:29034)
    at async c.stat (/opt/visual-studio-code/resources/app/out/vs/code/node/sharedProcess/sharedProcessMain.js:59:14940)
    at async z.ub (/opt/visual-studio-code/resources/app/out/vs/code/node/sharedProcess/sharedProcessMain.js:105:120384)
2024-09-13 13:51:37.624 [info] Extension signature verification result for ms-vscode.cpptools-themes: UnknownError. Executed: true. Duration: 10ms.
2024-09-13 13:51:37.673 [info] Extracted extension to file:///home/jvj/.vscode/extensions/ms-vscode.cpptools-themes-2.0.0: ms-vscode.cpptools-themes
2024-09-13 13:51:37.695 [info] Renamed to /home/jvj/.vscode/extensions/ms-vscode.cpptools-themes-2.0.0
2024-09-13 13:51:37.788 [error] [uncaught exception in sharedProcess]: Error: ENOENT: no such file or directory, stat '/home/jvj/.vscode/extensions/extensions.json.vsctmp': EntryNotFound (FileSystemError): Error: ENOENT: no such file or directory, stat '/home/jvj/.vscode/extensions/extensions.json.vsctmp'
    at o.create (/opt/visual-studio-code/resources/app/out/vs/code/node/sharedProcess/sharedProcessMain.js:54:19408)
    at u (/opt/visual-studio-code/resources/app/out/vs/code/node/sharedProcess/sharedProcessMain.js:54:19519)
    at p.hb (/opt/visual-studio-code/resources/app/out/vs/code/node/sharedProcess/sharedProcessMain.js:59:36714)
    at p.stat (/opt/visual-studio-code/resources/app/out/vs/code/node/sharedProcess/sharedProcessMain.js:59:29034)
    at async c.stat (/opt/visual-studio-code/resources/app/out/vs/code/node/sharedProcess/sharedProcessMain.js:59:14940)
    at async z.ub (/opt/visual-studio-code/resources/app/out/vs/code/node/sharedProcess/sharedProcessMain.js:105:120384)
2024-09-13 13:51:37.816 [info] Extension signature verification result for ms-vscode.cmake-tools: UnknownError. Executed: true. Duration: 9ms.
2024-09-13 13:51:38.197 [info] Extracted extension to file:///home/jvj/.vscode/extensions/ms-vscode.cmake-tools-1.19.51: ms-vscode.cmake-tools
2024-09-13 13:51:38.237 [info] Renamed to /home/jvj/.vscode/extensions/ms-vscode.cmake-tools-1.19.51
2024-09-13 13:51:38.338 [error] [uncaught exception in sharedProcess]: Error: ENOENT: no such file or directory, stat '/home/jvj/.vscode/extensions/extensions.json.vsctmp': EntryNotFound (FileSystemError): Error: ENOENT: no such file or directory, stat '/home/jvj/.vscode/extensions/extensions.json.vsctmp'
    at o.create (/opt/visual-studio-code/resources/app/out/vs/code/node/sharedProcess/sharedProcessMain.js:54:19408)
    at u (/opt/visual-studio-code/resources/app/out/vs/code/node/sharedProcess/sharedProcessMain.js:54:19519)
    at p.hb (/opt/visual-studio-code/resources/app/out/vs/code/node/sharedProcess/sharedProcessMain.js:59:36714)
    at p.stat (/opt/visual-studio-code/resources/app/out/vs/code/node/sharedProcess/sharedProcessMain.js:59:29034)
    at async c.stat (/opt/visual-studio-code/resources/app/out/vs/code/node/sharedProcess/sharedProcessMain.js:59:14940)
    at async z.ub (/opt/visual-studio-code/resources/app/out/vs/code/node/sharedProcess/sharedProcessMain.js:105:120384)
2024-09-13 13:57:36.462 [info] Extension signature verification result for twxs.cmake: UnknownError. Executed: true. Duration: 13ms.
2024-09-13 13:57:36.733 [info] Extracted extension to file:///home/jvj/.vscode/extensions/twxs.cmake-0.0.17: twxs.cmake
2024-09-13 13:57:36.765 [info] Renamed to /home/jvj/.vscode/extensions/twxs.cmake-0.0.17
2024-09-13 13:57:36.854 [error] [uncaught exception in sharedProcess]: Error: ENOENT: no such file or directory, stat '/home/jvj/.vscode/extensions/extensions.json.vsctmp': EntryNotFound (FileSystemError): Error: ENOENT: no such file or directory, stat '/home/jvj/.vscode/extensions/extensions.json.vsctmp'
    at o.create (/opt/visual-studio-code/resources/app/out/vs/code/node/sharedProcess/sharedProcessMain.js:54:19408)
    at u (/opt/visual-studio-code/resources/app/out/vs/code/node/sharedProcess/sharedProcessMain.js:54:19519)
    at p.hb (/opt/visual-studio-code/resources/app/out/vs/code/node/sharedProcess/sharedProcessMain.js:59:36714)
    at p.stat (/opt/visual-studio-code/resources/app/out/vs/code/node/sharedProcess/sharedProcessMain.js:59:29034)
    at async c.stat (/opt/visual-studio-code/resources/app/out/vs/code/node/sharedProcess/sharedProcessMain.js:59:14940)
    at async z.ub (/opt/visual-studio-code/resources/app/out/vs/code/node/sharedProcess/sharedProcessMain.js:105:120384)
2024-09-13 13:59:29.083 [info] Extension signature verification result for ms-vscode.cpptools: UnknownError. Executed: true. Duration: 19ms.
2024-09-13 13:59:31.517 [info] Extracted extension to file:///home/jvj/.vscode/extensions/ms-vscode.cpptools-1.21.6-linux-arm64: ms-vscode.cpptools
2024-09-13 13:59:31.548 [info] Renamed to /home/jvj/.vscode/extensions/ms-vscode.cpptools-1.21.6-linux-arm64
2024-09-13 13:59:31.633 [info] Extension installed successfully: ms-vscode.cpptools-extension-pack vscode-userdata:/home/jvj/.vscode/extensions/extensions.json
2024-09-13 13:59:31.633 [info] Extension installed successfully: ms-vscode.cpptools-themes vscode-userdata:/home/jvj/.vscode/extensions/extensions.json
2024-09-13 13:59:31.633 [info] Extension installed successfully: ms-vscode.cmake-tools vscode-userdata:/home/jvj/.vscode/extensions/extensions.json
2024-09-13 13:59:31.633 [info] Extension installed successfully: twxs.cmake vscode-userdata:/home/jvj/.vscode/extensions/extensions.json
2024-09-13 13:59:31.633 [info] Extension installed successfully: ms-vscode.cpptools vscode-userdata:/home/jvj/.vscode/extensions/extensions.json
2024-09-13 13:59:31.642 [error] [uncaught exception in sharedProcess]: Error: ENOENT: no such file or directory, stat '/home/jvj/.vscode/extensions/extensions.json.vsctmp': EntryNotFound (FileSystemError): Error: ENOENT: no such file or directory, stat '/home/jvj/.vscode/extensions/extensions.json.vsctmp'
    at o.create (/opt/visual-studio-code/resources/app/out/vs/code/node/sharedProcess/sharedProcessMain.js:54:19408)
    at u (/opt/visual-studio-code/resources/app/out/vs/code/node/sharedProcess/sharedProcessMain.js:54:19519)
    at p.hb (/opt/visual-studio-code/resources/app/out/vs/code/node/sharedProcess/sharedProcessMain.js:59:36714)
    at p.stat (/opt/visual-studio-code/resources/app/out/vs/code/node/sharedProcess/sharedProcessMain.js:59:29034)
    at async c.stat (/opt/visual-studio-code/resources/app/out/vs/code/node/sharedProcess/sharedProcessMain.js:59:14940)
    at async z.ub (/opt/visual-studio-code/resources/app/out/vs/code/node/sharedProcess/sharedProcessMain.js:105:120384)
2024-09-13 14:01:15.924 [info] Getting Manifest... ms-vscode.cpptools
2024-09-13 14:01:16.049 [info] Installing extension: ms-vscode.cpptools {"installPreReleaseVersion":true,"context":{"extensionInstallSource":"command"},"pinned":false,"productVersion":{"version":"1.92.2","date":"2024-08-14T17:29:30.058Z"},"isApplicationScoped":false,"profileLocation":{"$mid":1,"external":"vscode-userdata:/home/jvj/.vscode/extensions/extensions.json","path":"/home/jvj/.vscode/extensions/extensions.json","scheme":"vscode-userdata"},"installOnlyNewlyAddedFromExtensionPack":true}
2024-09-13 14:03:37.793 [info] Extension signature verification result for ms-vscode.cpptools: UnknownError. Executed: true. Duration: 10ms.
2024-09-13 14:03:39.960 [info] Extracted extension to file:///home/jvj/.vscode/extensions/ms-vscode.cpptools-1.22.3-linux-arm64: ms-vscode.cpptools
2024-09-13 14:03:40.012 [info] Renamed to /home/jvj/.vscode/extensions/ms-vscode.cpptools-1.22.3-linux-arm64
2024-09-13 14:03:40.115 [error] [uncaught exception in sharedProcess]: Error: ENOENT: no such file or directory, stat '/home/jvj/.vscode/extensions/extensions.json.vsctmp': EntryNotFound (FileSystemError): Error: ENOENT: no such file or directory, stat '/home/jvj/.vscode/extensions/extensions.json.vsctmp'
    at o.create (/opt/visual-studio-code/resources/app/out/vs/code/node/sharedProcess/sharedProcessMain.js:54:19408)
    at u (/opt/visual-studio-code/resources/app/out/vs/code/node/sharedProcess/sharedProcessMain.js:54:19519)
    at p.hb (/opt/visual-studio-code/resources/app/out/vs/code/node/sharedProcess/sharedProcessMain.js:59:36714)
    at p.stat (/opt/visual-studio-code/resources/app/out/vs/code/node/sharedProcess/sharedProcessMain.js:59:29034)
    at async c.stat (/opt/visual-studio-code/resources/app/out/vs/code/node/sharedProcess/sharedProcessMain.js:59:14940)
    at async z.ub (/opt/visual-studio-code/resources/app/out/vs/code/node/sharedProcess/sharedProcessMain.js:105:120384)
2024-09-13 14:03:40.117 [info] Marked extension as uninstalled ms-vscode.cpptools-1.21.6-linux-arm64
2024-09-13 14:03:40.141 [info] Extension installed successfully: ms-vscode.cpptools vscode-userdata:/home/jvj/.vscode/extensions/extensions.json
