2024-09-15 15:58:36.619 [info] [main] Log level: Info
2024-09-15 15:58:36.620 [info] [main] Validating found git in: "git"
2024-09-15 15:58:36.620 [info] [main] Using git "2.46.0" from "git"
2024-09-15 15:58:36.620 [info] [Model][doInitialScan] Initial repository scan started
2024-09-15 15:58:36.622 [info] > git rev-parse --show-toplevel [12ms]
2024-09-15 15:58:36.622 [info] fatal: not a git repository (or any parent up to mount point /)
Stopping at filesystem boundary (GIT_DISCOVERY_ACROSS_FILESYSTEM not set).
2024-09-15 15:58:36.641 [info] > git rev-parse --show-toplevel [16ms]
2024-09-15 15:58:36.646 [info] > git rev-parse --git-dir --git-common-dir [2ms]
2024-09-15 15:58:36.650 [info] [Model][openRepository] Opened repository: /home/jvj/dotfiles
2024-09-15 15:58:36.664 [info] > git config --get commit.template [4ms]
2024-09-15 15:58:36.668 [info] > git rev-parse --show-toplevel [4ms]
2024-09-15 15:58:36.668 [info] fatal: not a git repository (or any parent up to mount point /)
Stopping at filesystem boundary (GIT_DISCOVERY_ACROSS_FILESYSTEM not set).
2024-09-15 15:58:36.678 [info] > git for-each-ref --format=%(refname)%00%(upstream:short)%00%(objectname)%00%(upstream:track)%00%(upstream:remotename)%00%(upstream:remoteref) refs/heads/main refs/remotes/main [11ms]
2024-09-15 15:58:36.678 [info] > git rev-parse --show-toplevel [6ms]
2024-09-15 15:58:36.678 [info] fatal: not a git repository (or any parent up to mount point /)
Stopping at filesystem boundary (GIT_DISCOVERY_ACROSS_FILESYSTEM not set).
2024-09-15 15:58:36.680 [warning] [Git][revParse] Unable to read file: ENOENT: no such file or directory, open '/home/jvj/dotfiles/.git/refs/remotes/origin/main'
2024-09-15 15:58:36.683 [info] > git rev-parse refs/remotes/origin/main [3ms]
2024-09-15 15:58:36.686 [info] > git rev-parse --show-toplevel [3ms]
2024-09-15 15:58:36.686 [info] fatal: not a git repository (or any parent up to mount point /)
Stopping at filesystem boundary (GIT_DISCOVERY_ACROSS_FILESYSTEM not set).
2024-09-15 15:58:36.689 [info] > git rev-parse --show-toplevel [1ms]
2024-09-15 15:58:36.689 [info] fatal: not a git repository (or any parent up to mount point /)
Stopping at filesystem boundary (GIT_DISCOVERY_ACROSS_FILESYSTEM not set).
2024-09-15 15:58:36.749 [info] > git rev-parse --show-toplevel [59ms]
2024-09-15 15:58:36.749 [info] fatal: not a git repository (or any parent up to mount point /)
Stopping at filesystem boundary (GIT_DISCOVERY_ACROSS_FILESYSTEM not set).
2024-09-15 15:58:36.753 [info] > git rev-parse --show-toplevel [1ms]
2024-09-15 15:58:36.753 [info] fatal: not a git repository (or any parent up to mount point /)
Stopping at filesystem boundary (GIT_DISCOVERY_ACROSS_FILESYSTEM not set).
2024-09-15 15:58:36.757 [info] > git rev-parse --show-toplevel [1ms]
2024-09-15 15:58:36.757 [info] fatal: not a git repository (or any parent up to mount point /)
Stopping at filesystem boundary (GIT_DISCOVERY_ACROSS_FILESYSTEM not set).
2024-09-15 15:58:36.760 [info] > git rev-parse --show-toplevel [1ms]
2024-09-15 15:58:36.760 [info] fatal: not a git repository (or any parent up to mount point /)
Stopping at filesystem boundary (GIT_DISCOVERY_ACROSS_FILESYSTEM not set).
2024-09-15 15:58:36.763 [info] > git rev-parse --show-toplevel [1ms]
2024-09-15 15:58:36.763 [info] fatal: not a git repository (or any parent up to mount point /)
Stopping at filesystem boundary (GIT_DISCOVERY_ACROSS_FILESYSTEM not set).
2024-09-15 15:58:36.766 [info] > git rev-parse --show-toplevel [1ms]
2024-09-15 15:58:36.766 [info] fatal: not a git repository (or any parent up to mount point /)
Stopping at filesystem boundary (GIT_DISCOVERY_ACROSS_FILESYSTEM not set).
2024-09-15 15:58:36.768 [info] > git rev-parse --show-toplevel [1ms]
2024-09-15 15:58:36.768 [info] fatal: not a git repository (or any parent up to mount point /)
Stopping at filesystem boundary (GIT_DISCOVERY_ACROSS_FILESYSTEM not set).
2024-09-15 15:58:36.770 [info] > git rev-parse --show-toplevel [1ms]
2024-09-15 15:58:36.770 [info] fatal: not a git repository (or any parent up to mount point /)
Stopping at filesystem boundary (GIT_DISCOVERY_ACROSS_FILESYSTEM not set).
2024-09-15 15:58:36.774 [info] > git rev-parse --show-toplevel [1ms]
2024-09-15 15:58:36.774 [info] fatal: not a git repository (or any parent up to mount point /)
Stopping at filesystem boundary (GIT_DISCOVERY_ACROSS_FILESYSTEM not set).
2024-09-15 15:58:36.776 [info] > git rev-parse --show-toplevel [1ms]
2024-09-15 15:58:36.776 [info] fatal: not a git repository (or any parent up to mount point /)
Stopping at filesystem boundary (GIT_DISCOVERY_ACROSS_FILESYSTEM not set).
2024-09-15 15:58:36.780 [info] > git rev-parse --show-toplevel [2ms]
2024-09-15 15:58:36.780 [info] fatal: not a git repository (or any parent up to mount point /)
Stopping at filesystem boundary (GIT_DISCOVERY_ACROSS_FILESYSTEM not set).
2024-09-15 15:58:36.784 [info] > git rev-parse --show-toplevel [2ms]
2024-09-15 15:58:36.784 [info] fatal: not a git repository (or any parent up to mount point /)
Stopping at filesystem boundary (GIT_DISCOVERY_ACROSS_FILESYSTEM not set).
2024-09-15 15:58:36.788 [info] > git rev-parse --show-toplevel [2ms]
2024-09-15 15:58:36.788 [info] fatal: not a git repository (or any parent up to mount point /)
Stopping at filesystem boundary (GIT_DISCOVERY_ACROSS_FILESYSTEM not set).
2024-09-15 15:58:36.834 [info] > git rev-parse --show-toplevel [43ms]
2024-09-15 15:58:36.837 [info] > git rev-parse --git-dir --git-common-dir [1ms]
2024-09-15 15:58:36.839 [info] [Model][openRepository] Opened repository: /home/jvj/ocaml-lsp
2024-09-15 15:58:36.846 [info] > git config --get commit.template [3ms]
2024-09-15 15:58:36.849 [info] > git rev-parse --show-toplevel [3ms]
2024-09-15 15:58:36.849 [info] fatal: not a git repository (or any parent up to mount point /)
Stopping at filesystem boundary (GIT_DISCOVERY_ACROSS_FILESYSTEM not set).
2024-09-15 15:58:36.854 [info] > git rev-parse --show-toplevel [1ms]
2024-09-15 15:58:36.854 [info] fatal: not a git repository (or any parent up to mount point /)
Stopping at filesystem boundary (GIT_DISCOVERY_ACROSS_FILESYSTEM not set).
2024-09-15 15:58:36.859 [info] > git rev-parse --show-toplevel [4ms]
2024-09-15 15:58:36.859 [info] fatal: not a git repository (or any parent up to mount point /)
Stopping at filesystem boundary (GIT_DISCOVERY_ACROSS_FILESYSTEM not set).
2024-09-15 15:58:36.860 [info] > git rev-parse --show-toplevel [0ms]
2024-09-15 15:58:36.860 [info] fatal: not a git repository (or any parent up to mount point /)
Stopping at filesystem boundary (GIT_DISCOVERY_ACROSS_FILESYSTEM not set).
2024-09-15 15:58:37.029 [info] > git rev-parse --show-toplevel [167ms]
2024-09-15 15:58:37.034 [info] > git rev-parse --git-dir --git-common-dir [2ms]
2024-09-15 15:58:37.036 [info] [Model][openRepository] Opened repository: /home/jvj/yay
2024-09-15 15:58:37.041 [info] > git config --get commit.template [3ms]
2024-09-15 15:58:37.042 [info] > git rev-parse --show-toplevel [1ms]
2024-09-15 15:58:37.042 [info] fatal: not a git repository (or any parent up to mount point /)
Stopping at filesystem boundary (GIT_DISCOVERY_ACROSS_FILESYSTEM not set).
2024-09-15 15:58:37.043 [info] [Model][doInitialScan] Initial repository scan completed - repositories (3), closed repositories (0), parent repositories (0), unsafe repositories (0)
2024-09-15 15:58:37.087 [info] > git for-each-ref --format=%(refname)%00%(upstream:short)%00%(objectname)%00%(upstream:track)%00%(upstream:remotename)%00%(upstream:remoteref) refs/heads/master refs/remotes/master [42ms]
2024-09-15 15:58:37.090 [warning] [Git][revParse] Unable to read file: ENOENT: no such file or directory, open '/home/jvj/yay/.git/refs/remotes/origin/master'
2024-09-15 15:58:37.091 [info] > git rev-parse refs/remotes/origin/master [1ms]
2024-09-15 15:58:37.194 [info] > git for-each-ref --format=%(refname)%00%(upstream:short)%00%(objectname)%00%(upstream:track)%00%(upstream:remotename)%00%(upstream:remoteref) refs/heads/master refs/remotes/master [345ms]
2024-09-15 15:58:37.199 [warning] [Git][revParse] Unable to read file: ENOENT: no such file or directory, open '/home/jvj/ocaml-lsp/.git/refs/remotes/origin/master'
2024-09-15 15:58:37.200 [info] > git rev-parse refs/remotes/origin/master [2ms]
2024-09-15 15:58:37.263 [info] > git status -z -uall [170ms]
2024-09-15 15:58:37.272 [info] > git status -z -uall [588ms]
2024-09-15 15:58:37.275 [info] > git config --get commit.template [3ms]
2024-09-15 15:58:37.275 [info] > git for-each-ref --format=%(refname)%00%(upstream:short)%00%(objectname)%00%(upstream:track)%00%(upstream:remotename)%00%(upstream:remoteref) refs/heads/master refs/remotes/master [7ms]
2024-09-15 15:58:37.279 [info] > git for-each-ref --format=%(refname)%00%(upstream:short)%00%(objectname)%00%(upstream:track)%00%(upstream:remotename)%00%(upstream:remoteref) refs/heads/main refs/remotes/main [5ms]
2024-09-15 15:58:37.283 [info] > git config --local branch.main.vscode-merge-base [3ms]
2024-09-15 15:58:37.287 [info] > git config --get commit.template [8ms]
2024-09-15 15:58:37.287 [info] > git config --local branch.master.vscode-merge-base [10ms]
2024-09-15 15:58:37.293 [info] > git for-each-ref --format=%(refname)%00%(upstream:short)%00%(objectname)%00%(upstream:track)%00%(upstream:remotename)%00%(upstream:remoteref) refs/heads/master refs/remotes/master [4ms]
2024-09-15 15:58:37.293 [info] > git for-each-ref --format=%(refname)%00%(upstream:short)%00%(objectname)%00%(upstream:track)%00%(upstream:remotename)%00%(upstream:remoteref) refs/heads/origin/master refs/remotes/origin/master [5ms]
2024-09-15 15:58:37.296 [info] > git for-each-ref --format=%(refname)%00%(upstream:short)%00%(objectname)%00%(upstream:track)%00%(upstream:remotename)%00%(upstream:remoteref) refs/heads/origin/main refs/remotes/origin/main [9ms]
2024-09-15 15:58:37.302 [warning] [Git][revParse] Unable to read file: ENOENT: no such file or directory, open '/home/jvj/yay/.git/refs/remotes/origin/master'
2024-09-15 15:58:37.303 [info] > git merge-base refs/heads/master refs/remotes/origin/master [7ms]
2024-09-15 15:58:37.306 [info] > git for-each-ref --format=%(refname)%00%(upstream:short)%00%(objectname)%00%(upstream:track)%00%(upstream:remotename)%00%(upstream:remoteref) refs/heads/main refs/remotes/main [13ms]
2024-09-15 15:58:37.374 [warning] [Git][revParse] Unable to read file: ENOENT: no such file or directory, open '/home/jvj/dotfiles/.git/refs/remotes/origin/main'
2024-09-15 15:58:37.374 [info] > git rev-list --count --left-right refs/heads/master...refs/remotes/origin/master [68ms]
2024-09-15 15:58:37.379 [info] > git rev-parse refs/remotes/origin/master [77ms]
2024-09-15 15:58:37.382 [info] > git rev-parse --show-toplevel [82ms]
2024-09-15 15:58:37.382 [info] fatal: not a git repository (or any parent up to mount point /)
Stopping at filesystem boundary (GIT_DISCOVERY_ACROSS_FILESYSTEM not set).
2024-09-15 15:58:37.382 [info] > git merge-base refs/heads/main refs/remotes/origin/main [85ms]
2024-09-15 15:58:37.397 [info] > git status -z -uall [15ms]
2024-09-15 15:58:37.397 [info] > git rev-list --count --left-right refs/heads/main...refs/remotes/origin/main [10ms]
2024-09-15 15:58:37.402 [info] > git diff --name-status -z --diff-filter=ADMR 4abc0938416a57cbd9974864caff28b4b7c3415a...refs/remotes/origin/master [23ms]
2024-09-15 15:58:37.402 [info] > git rev-parse refs/remotes/origin/main [28ms]
2024-09-15 15:58:37.405 [info] > git check-ignore -v -z --stdin [15ms]
2024-09-15 15:58:37.405 [info] > git check-ignore -v -z --stdin [12ms]
2024-09-15 15:58:37.406 [info] > git for-each-ref --format=%(refname)%00%(upstream:short)%00%(objectname)%00%(upstream:track)%00%(upstream:remotename)%00%(upstream:remoteref) refs/heads/master refs/remotes/master [5ms]
2024-09-15 15:58:37.408 [info] > git diff --name-status -z --diff-filter=ADMR 298278bc115722aaf85136a31993de4b4992b239...refs/remotes/origin/main [8ms]
2024-09-15 15:58:37.410 [info] > git status -z -uall [6ms]
2024-09-15 15:58:37.410 [info] > git config --local branch.master.vscode-merge-base [2ms]
2024-09-15 15:58:37.417 [info] > git for-each-ref --format=%(refname)%00%(upstream:short)%00%(objectname)%00%(upstream:track)%00%(upstream:remotename)%00%(upstream:remoteref) refs/heads/main refs/remotes/main [3ms]
2024-09-15 15:58:37.419 [info] > git for-each-ref --format=%(refname)%00%(upstream:short)%00%(objectname)%00%(upstream:track)%00%(upstream:remotename)%00%(upstream:remoteref) refs/heads/origin/master refs/remotes/origin/master [7ms]
2024-09-15 15:58:37.421 [info] > git config --local branch.main.vscode-merge-base [2ms]
2024-09-15 15:58:37.457 [info] > git for-each-ref --format=%(refname)%00%(upstream:short)%00%(objectname)%00%(upstream:track)%00%(upstream:remotename)%00%(upstream:remoteref) refs/heads/origin/main refs/remotes/origin/main [34ms]
2024-09-15 15:58:37.731 [info] > git show --textconv :.config/zathura/zathurarc [4ms]
2024-09-15 15:58:37.732 [info] > git ls-files --stage -- /home/jvj/dotfiles/.config/zathura/zathurarc [1ms]
2024-09-15 15:58:37.736 [info] > git cat-file -s 20a33967897183433dc0c55faa9a297a346bbef6 [2ms]
2024-09-15 15:58:38.527 [info] > git status -z -uall [1322ms]
2024-09-15 15:58:38.540 [info] > git for-each-ref --format=%(refname)%00%(upstream:short)%00%(objectname)%00%(upstream:track)%00%(upstream:remotename)%00%(upstream:remoteref) refs/heads/master refs/remotes/master [7ms]
2024-09-15 15:58:38.544 [info] > git config --get commit.template [5ms]
2024-09-15 15:58:38.545 [info] > git config --local branch.master.vscode-merge-base [3ms]
2024-09-15 15:58:38.555 [info] > git for-each-ref --format=%(refname)%00%(upstream:short)%00%(objectname)%00%(upstream:track)%00%(upstream:remotename)%00%(upstream:remoteref) refs/heads/origin/master refs/remotes/origin/master [4ms]
2024-09-15 15:58:38.559 [info] > git for-each-ref --format=%(refname)%00%(upstream:short)%00%(objectname)%00%(upstream:track)%00%(upstream:remotename)%00%(upstream:remoteref) refs/heads/master refs/remotes/master [4ms]
2024-09-15 15:58:38.561 [warning] [Git][revParse] Unable to read file: ENOENT: no such file or directory, open '/home/jvj/ocaml-lsp/.git/refs/remotes/origin/master'
2024-09-15 15:58:38.561 [info] > git merge-base refs/heads/master refs/remotes/origin/master [3ms]
2024-09-15 15:58:38.564 [info] > git rev-parse refs/remotes/origin/master [3ms]
2024-09-15 15:58:38.566 [info] > git rev-list --count --left-right refs/heads/master...refs/remotes/origin/master [2ms]
2024-09-15 15:58:38.570 [info] > git diff --name-status -z --diff-filter=ADMR 3dc1a6633bfe2ebd34d7aa38f008c8c28300ee55...refs/remotes/origin/master [1ms]
2024-09-15 15:58:38.580 [info] > git status -z -uall [14ms]
2024-09-15 15:58:38.588 [info] > git for-each-ref --format=%(refname)%00%(upstream:short)%00%(objectname)%00%(upstream:track)%00%(upstream:remotename)%00%(upstream:remoteref) refs/heads/master refs/remotes/master [2ms]
2024-09-15 15:58:38.591 [info] > git config --local branch.master.vscode-merge-base [1ms]
2024-09-15 15:58:38.595 [info] > git for-each-ref --format=%(refname)%00%(upstream:short)%00%(objectname)%00%(upstream:track)%00%(upstream:remotename)%00%(upstream:remoteref) refs/heads/origin/master refs/remotes/origin/master [1ms]
2024-09-15 15:58:39.343 [info] > git rev-parse --show-toplevel [3ms]
2024-09-15 15:58:39.343 [info] fatal: not a git repository (or any parent up to mount point /)
Stopping at filesystem boundary (GIT_DISCOVERY_ACROSS_FILESYSTEM not set).
2024-09-15 18:42:39.554 [info] [main] Log level: Info
2024-09-15 18:42:39.554 [info] [main] Validating found git in: "git"
2024-09-15 18:42:39.650 [info] [main] Using git "2.46.0" from "git"
2024-09-15 18:42:39.650 [info] [Model][doInitialScan] Initial repository scan started
2024-09-15 18:42:39.778 [info] > git rev-parse --show-toplevel [121ms]
2024-09-15 18:42:39.778 [info] fatal: not a git repository (or any parent up to mount point /)
Stopping at filesystem boundary (GIT_DISCOVERY_ACROSS_FILESYSTEM not set).
2024-09-15 18:42:39.788 [info] > git rev-parse --show-toplevel [2ms]
2024-09-15 18:42:39.788 [info] fatal: not a git repository (or any parent up to mount point /)
Stopping at filesystem boundary (GIT_DISCOVERY_ACROSS_FILESYSTEM not set).
2024-09-15 18:42:39.792 [info] > git rev-parse --show-toplevel [1ms]
2024-09-15 18:42:39.792 [info] fatal: not a git repository (or any parent up to mount point /)
Stopping at filesystem boundary (GIT_DISCOVERY_ACROSS_FILESYSTEM not set).
2024-09-15 18:42:39.803 [info] > git rev-parse --show-toplevel [2ms]
2024-09-15 18:42:39.803 [info] fatal: not a git repository (or any parent up to mount point /)
Stopping at filesystem boundary (GIT_DISCOVERY_ACROSS_FILESYSTEM not set).
2024-09-15 18:42:39.810 [info] > git rev-parse --show-toplevel [1ms]
2024-09-15 18:42:39.810 [info] fatal: not a git repository (or any parent up to mount point /)
Stopping at filesystem boundary (GIT_DISCOVERY_ACROSS_FILESYSTEM not set).
2024-09-15 18:42:39.812 [info] [Model][doInitialScan] Initial repository scan completed - repositories (0), closed repositories (0), parent repositories (0), unsafe repositories (0)
2024-09-15 18:42:39.861 [info] > git rev-parse --show-toplevel [2ms]
2024-09-15 18:42:39.861 [info] fatal: not a git repository (or any parent up to mount point /)
Stopping at filesystem boundary (GIT_DISCOVERY_ACROSS_FILESYSTEM not set).
2024-09-15 18:42:55.808 [info] > git rev-parse --show-toplevel [6ms]
2024-09-15 18:42:55.808 [info] fatal: not a git repository (or any parent up to mount point /)
Stopping at filesystem boundary (GIT_DISCOVERY_ACROSS_FILESYSTEM not set).
