2024-09-13 19:11:06.019 [info] [main] Log level: Info
2024-09-13 19:11:06.019 [info] [main] Validating found git in: "git"
2024-09-13 19:11:06.135 [info] [main] Using git "2.46.0" from "git"
2024-09-13 19:11:06.135 [info] [Model][doInitialScan] Initial repository scan started
2024-09-13 19:11:06.148 [info] > git rev-parse --show-toplevel [3ms]
2024-09-13 19:11:06.148 [info] fatal: not a git repository (or any parent up to mount point /)
Stopping at filesystem boundary (GIT_DISCOVERY_ACROSS_FILESYSTEM not set).
2024-09-13 19:11:06.152 [info] > git rev-parse --show-toplevel [2ms]
2024-09-13 19:11:06.152 [info] fatal: not a git repository (or any parent up to mount point /)
Stopping at filesystem boundary (GIT_DISCOVERY_ACROSS_FILESYSTEM not set).
2024-09-13 19:11:06.213 [info] > git rev-parse --show-toplevel [59ms]
2024-09-13 19:11:06.213 [info] fatal: not a git repository (or any parent up to mount point /)
Stopping at filesystem boundary (GIT_DISCOVERY_ACROSS_FILESYSTEM not set).
2024-09-13 19:11:06.229 [info] > git rev-parse --show-toplevel [3ms]
2024-09-13 19:11:06.229 [info] fatal: not a git repository (or any parent up to mount point /)
Stopping at filesystem boundary (GIT_DISCOVERY_ACROSS_FILESYSTEM not set).
2024-09-13 19:11:06.232 [info] > git rev-parse --show-toplevel [1ms]
2024-09-13 19:11:06.233 [info] fatal: not a git repository (or any parent up to mount point /)
Stopping at filesystem boundary (GIT_DISCOVERY_ACROSS_FILESYSTEM not set).
2024-09-13 19:11:06.234 [info] [Model][doInitialScan] Initial repository scan completed - repositories (0), closed repositories (0), parent repositories (0), unsafe repositories (0)
2024-09-13 19:11:06.329 [info] > git rev-parse --show-toplevel [3ms]
2024-09-13 19:11:06.329 [info] fatal: not a git repository (or any parent up to mount point /)
Stopping at filesystem boundary (GIT_DISCOVERY_ACROSS_FILESYSTEM not set).
2024-09-13 19:11:15.173 [info] [main] Log level: Info
2024-09-13 19:11:15.173 [info] [main] Validating found git in: "git"
2024-09-13 19:11:15.173 [info] [main] Using git "2.46.0" from "git"
2024-09-13 19:11:15.173 [info] [Model][doInitialScan] Initial repository scan started
2024-09-13 19:11:15.173 [info] > git rev-parse --show-toplevel [8ms]
2024-09-13 19:11:15.173 [info] fatal: not a git repository (or any parent up to mount point /)
Stopping at filesystem boundary (GIT_DISCOVERY_ACROSS_FILESYSTEM not set).
2024-09-13 19:11:15.180 [info] > git rev-parse --show-toplevel [6ms]
2024-09-13 19:11:15.180 [info] fatal: not a git repository (or any parent up to mount point /)
Stopping at filesystem boundary (GIT_DISCOVERY_ACROSS_FILESYSTEM not set).
2024-09-13 19:11:15.190 [info] > git rev-parse --show-toplevel [1ms]
2024-09-13 19:11:15.190 [info] fatal: not a git repository (or any parent up to mount point /)
Stopping at filesystem boundary (GIT_DISCOVERY_ACROSS_FILESYSTEM not set).
2024-09-13 19:11:15.195 [info] > git rev-parse --show-toplevel [2ms]
2024-09-13 19:11:15.195 [info] fatal: not a git repository (or any parent up to mount point /)
Stopping at filesystem boundary (GIT_DISCOVERY_ACROSS_FILESYSTEM not set).
2024-09-13 19:11:15.200 [info] > git rev-parse --show-toplevel [2ms]
2024-09-13 19:11:15.200 [info] fatal: not a git repository (or any parent up to mount point /)
Stopping at filesystem boundary (GIT_DISCOVERY_ACROSS_FILESYSTEM not set).
2024-09-13 19:11:15.204 [info] > git rev-parse --show-toplevel [2ms]
2024-09-13 19:11:15.204 [info] fatal: not a git repository (or any parent up to mount point /)
Stopping at filesystem boundary (GIT_DISCOVERY_ACROSS_FILESYSTEM not set).
2024-09-13 19:11:15.208 [info] > git rev-parse --show-toplevel [3ms]
2024-09-13 19:11:15.208 [info] fatal: not a git repository (or any parent up to mount point /)
Stopping at filesystem boundary (GIT_DISCOVERY_ACROSS_FILESYSTEM not set).
2024-09-13 19:11:15.212 [info] > git rev-parse --show-toplevel [2ms]
2024-09-13 19:11:15.212 [info] fatal: not a git repository (or any parent up to mount point /)
Stopping at filesystem boundary (GIT_DISCOVERY_ACROSS_FILESYSTEM not set).
2024-09-13 19:11:15.217 [info] > git rev-parse --show-toplevel [3ms]
2024-09-13 19:11:15.217 [info] fatal: not a git repository (or any parent up to mount point /)
Stopping at filesystem boundary (GIT_DISCOVERY_ACROSS_FILESYSTEM not set).
2024-09-13 19:11:15.220 [info] > git rev-parse --show-toplevel [2ms]
2024-09-13 19:11:15.220 [info] fatal: not a git repository (or any parent up to mount point /)
Stopping at filesystem boundary (GIT_DISCOVERY_ACROSS_FILESYSTEM not set).
2024-09-13 19:11:15.222 [info] > git rev-parse --show-toplevel [1ms]
2024-09-13 19:11:15.222 [info] fatal: not a git repository (or any parent up to mount point /)
Stopping at filesystem boundary (GIT_DISCOVERY_ACROSS_FILESYSTEM not set).
2024-09-13 19:11:15.224 [info] > git rev-parse --show-toplevel [1ms]
2024-09-13 19:11:15.224 [info] fatal: not a git repository (or any parent up to mount point /)
Stopping at filesystem boundary (GIT_DISCOVERY_ACROSS_FILESYSTEM not set).
2024-09-13 19:11:15.228 [info] > git rev-parse --show-toplevel [3ms]
2024-09-13 19:11:15.228 [info] fatal: not a git repository (or any parent up to mount point /)
Stopping at filesystem boundary (GIT_DISCOVERY_ACROSS_FILESYSTEM not set).
2024-09-13 19:11:15.236 [info] > git rev-parse --show-toplevel [5ms]
2024-09-13 19:11:15.236 [info] fatal: not a git repository (or any parent up to mount point /)
Stopping at filesystem boundary (GIT_DISCOVERY_ACROSS_FILESYSTEM not set).
2024-09-13 19:11:15.240 [info] > git rev-parse --show-toplevel [2ms]
2024-09-13 19:11:15.240 [info] fatal: not a git repository (or any parent up to mount point /)
Stopping at filesystem boundary (GIT_DISCOVERY_ACROSS_FILESYSTEM not set).
2024-09-13 19:11:15.242 [info] > git rev-parse --show-toplevel [1ms]
2024-09-13 19:11:15.242 [info] fatal: not a git repository (or any parent up to mount point /)
Stopping at filesystem boundary (GIT_DISCOVERY_ACROSS_FILESYSTEM not set).
2024-09-13 19:11:15.244 [info] > git rev-parse --show-toplevel [1ms]
2024-09-13 19:11:15.244 [info] fatal: not a git repository (or any parent up to mount point /)
Stopping at filesystem boundary (GIT_DISCOVERY_ACROSS_FILESYSTEM not set).
2024-09-13 19:11:15.273 [info] > git rev-parse --show-toplevel [27ms]
2024-09-13 19:11:15.275 [info] > git rev-parse --git-dir --git-common-dir [1ms]
2024-09-13 19:11:15.277 [info] [Model][openRepository] Opened repository: /home/jvj/dotfiles
2024-09-13 19:11:15.280 [info] > git config --get commit.template [1ms]
2024-09-13 19:11:15.281 [info] > git rev-parse --show-toplevel [1ms]
2024-09-13 19:11:15.281 [info] fatal: not a git repository (or any parent up to mount point /)
Stopping at filesystem boundary (GIT_DISCOVERY_ACROSS_FILESYSTEM not set).
2024-09-13 19:11:15.283 [info] > git rev-parse --show-toplevel [1ms]
2024-09-13 19:11:15.283 [info] fatal: not a git repository (or any parent up to mount point /)
Stopping at filesystem boundary (GIT_DISCOVERY_ACROSS_FILESYSTEM not set).
2024-09-13 19:11:15.315 [info] > git for-each-ref --format=%(refname)%00%(upstream:short)%00%(objectname)%00%(upstream:track)%00%(upstream:remotename)%00%(upstream:remoteref) refs/heads/main refs/remotes/main [34ms]
2024-09-13 19:11:15.318 [warning] [Git][revParse] Unable to read file: ENOENT: no such file or directory, open '/home/jvj/dotfiles/.git/refs/remotes/origin/main'
2024-09-13 19:11:15.318 [info] > git rev-parse --show-toplevel [34ms]
2024-09-13 19:11:15.320 [info] > git rev-parse refs/remotes/origin/main [2ms]
2024-09-13 19:11:15.323 [info] > git rev-parse --git-dir --git-common-dir [3ms]
2024-09-13 19:11:15.327 [info] [Model][openRepository] Opened repository: /home/jvj/ocaml-lsp
2024-09-13 19:11:15.335 [info] > git config --get commit.template [1ms]
2024-09-13 19:11:15.337 [info] > git rev-parse --show-toplevel [3ms]
2024-09-13 19:11:15.337 [info] fatal: not a git repository (or any parent up to mount point /)
Stopping at filesystem boundary (GIT_DISCOVERY_ACROSS_FILESYSTEM not set).
2024-09-13 19:11:15.343 [info] > git rev-parse --show-toplevel [3ms]
2024-09-13 19:11:15.343 [info] fatal: not a git repository (or any parent up to mount point /)
Stopping at filesystem boundary (GIT_DISCOVERY_ACROSS_FILESYSTEM not set).
2024-09-13 19:11:15.346 [info] > git rev-parse --show-toplevel [1ms]
2024-09-13 19:11:15.346 [info] fatal: not a git repository (or any parent up to mount point /)
Stopping at filesystem boundary (GIT_DISCOVERY_ACROSS_FILESYSTEM not set).
2024-09-13 19:11:15.349 [info] > git rev-parse --show-toplevel [1ms]
2024-09-13 19:11:15.349 [info] fatal: not a git repository (or any parent up to mount point /)
Stopping at filesystem boundary (GIT_DISCOVERY_ACROSS_FILESYSTEM not set).
2024-09-13 19:11:15.355 [info] > git rev-parse --show-toplevel [4ms]
2024-09-13 19:11:15.358 [info] > git rev-parse --git-dir --git-common-dir [1ms]
2024-09-13 19:11:15.361 [info] [Model][openRepository] Opened repository: /home/jvj/yay
2024-09-13 19:11:15.373 [info] > git config --get commit.template [2ms]
2024-09-13 19:11:15.374 [info] > git rev-parse --show-toplevel [2ms]
2024-09-13 19:11:15.374 [info] fatal: not a git repository (or any parent up to mount point /)
Stopping at filesystem boundary (GIT_DISCOVERY_ACROSS_FILESYSTEM not set).
2024-09-13 19:11:15.375 [info] [Model][doInitialScan] Initial repository scan completed - repositories (3), closed repositories (0), parent repositories (0), unsafe repositories (0)
2024-09-13 19:11:15.411 [info] > git for-each-ref --format=%(refname)%00%(upstream:short)%00%(objectname)%00%(upstream:track)%00%(upstream:remotename)%00%(upstream:remoteref) refs/heads/master refs/remotes/master [33ms]
2024-09-13 19:11:15.415 [warning] [Git][revParse] Unable to read file: ENOENT: no such file or directory, open '/home/jvj/yay/.git/refs/remotes/origin/master'
2024-09-13 19:11:15.416 [info] > git rev-parse refs/remotes/origin/master [1ms]
2024-09-13 19:11:15.490 [info] > git status -z -uall [167ms]
2024-09-13 19:11:15.502 [info] > git for-each-ref --format=%(refname)%00%(upstream:short)%00%(objectname)%00%(upstream:track)%00%(upstream:remotename)%00%(upstream:remoteref) refs/heads/main refs/remotes/main [8ms]
2024-09-13 19:11:15.507 [info] > git config --get commit.template [4ms]
2024-09-13 19:11:16.040 [info] > git status -z -uall [621ms]
2024-09-13 19:11:16.040 [info] > git for-each-ref --format=%(refname)%00%(upstream:short)%00%(objectname)%00%(upstream:track)%00%(upstream:remotename)%00%(upstream:remoteref) refs/heads/master refs/remotes/master [703ms]
2024-09-13 19:11:16.052 [info] > git config --local branch.main.vscode-merge-base [546ms]
2024-09-13 19:11:16.069 [warning] [Git][revParse] Unable to read file: ENOENT: no such file or directory, open '/home/jvj/ocaml-lsp/.git/refs/remotes/origin/master'
2024-09-13 19:11:16.071 [info] > git check-ignore -v -z --stdin [14ms]
2024-09-13 19:11:16.072 [info] > git for-each-ref --format=%(refname)%00%(upstream:short)%00%(objectname)%00%(upstream:track)%00%(upstream:remotename)%00%(upstream:remoteref) refs/heads/master refs/remotes/master [27ms]
2024-09-13 19:11:16.079 [info] > git config --local branch.master.vscode-merge-base [5ms]
2024-09-13 19:11:16.082 [info] > git config --get commit.template [10ms]
2024-09-13 19:11:16.082 [info] > git rev-parse refs/remotes/origin/master [13ms]
2024-09-13 19:11:16.084 [info] > git for-each-ref --format=%(refname)%00%(upstream:short)%00%(objectname)%00%(upstream:track)%00%(upstream:remotename)%00%(upstream:remoteref) refs/heads/main refs/remotes/main [17ms]
2024-09-13 19:11:16.084 [info] > git for-each-ref --format=%(refname)%00%(upstream:short)%00%(objectname)%00%(upstream:track)%00%(upstream:remotename)%00%(upstream:remoteref) refs/heads/origin/main refs/remotes/origin/main [29ms]
2024-09-13 19:11:16.092 [warning] [Git][revParse] Unable to read file: ENOENT: no such file or directory, open '/home/jvj/dotfiles/.git/refs/remotes/origin/main'
2024-09-13 19:11:16.095 [info] > git merge-base refs/heads/main refs/remotes/origin/main [6ms]
2024-09-13 19:11:16.097 [info] > git for-each-ref --format=%(refname)%00%(upstream:short)%00%(objectname)%00%(upstream:track)%00%(upstream:remotename)%00%(upstream:remoteref) refs/heads/origin/master refs/remotes/origin/master [16ms]
2024-09-13 19:11:16.103 [info] > git rev-list --count --left-right refs/heads/main...refs/remotes/origin/main [6ms]
2024-09-13 19:11:16.106 [info] > git rev-parse refs/remotes/origin/main [14ms]
2024-09-13 19:11:16.109 [info] > git diff --name-status -z --diff-filter=ADMR 298278bc115722aaf85136a31993de4b4992b239...refs/remotes/origin/main [3ms]
2024-09-13 19:11:16.109 [info] > git for-each-ref --format=%(refname)%00%(upstream:short)%00%(objectname)%00%(upstream:track)%00%(upstream:remotename)%00%(upstream:remoteref) refs/heads/master refs/remotes/master [7ms]
2024-09-13 19:11:16.110 [info] > git merge-base refs/heads/master refs/remotes/origin/master [10ms]
2024-09-13 19:11:16.113 [info] > git status -z -uall [5ms]
2024-09-13 19:11:16.160 [warning] [Git][revParse] Unable to read file: ENOENT: no such file or directory, open '/home/jvj/yay/.git/refs/remotes/origin/master'
2024-09-13 19:11:16.160 [info] > git for-each-ref --format=%(refname)%00%(upstream:short)%00%(objectname)%00%(upstream:track)%00%(upstream:remotename)%00%(upstream:remoteref) refs/heads/main refs/remotes/main [43ms]
2024-09-13 19:11:16.163 [info] > git rev-list --count --left-right refs/heads/master...refs/remotes/origin/master [51ms]
2024-09-13 19:11:16.165 [info] > git config --local branch.main.vscode-merge-base [3ms]
2024-09-13 19:11:16.166 [info] > git rev-parse refs/remotes/origin/master [6ms]
2024-09-13 19:11:16.169 [info] > git for-each-ref --format=%(refname)%00%(upstream:short)%00%(objectname)%00%(upstream:track)%00%(upstream:remotename)%00%(upstream:remoteref) refs/heads/origin/main refs/remotes/origin/main [3ms]
2024-09-13 19:11:16.169 [info] > git diff --name-status -z --diff-filter=ADMR 4abc0938416a57cbd9974864caff28b4b7c3415a...refs/remotes/origin/master [5ms]
2024-09-13 19:11:16.173 [info] > git status -z -uall [5ms]
2024-09-13 19:11:16.177 [info] > git for-each-ref --format=%(refname)%00%(upstream:short)%00%(objectname)%00%(upstream:track)%00%(upstream:remotename)%00%(upstream:remoteref) refs/heads/master refs/remotes/master [3ms]
2024-09-13 19:11:16.179 [info] > git config --local branch.master.vscode-merge-base [1ms]
2024-09-13 19:11:16.180 [info] > git for-each-ref --format=%(refname)%00%(upstream:short)%00%(objectname)%00%(upstream:track)%00%(upstream:remotename)%00%(upstream:remoteref) refs/heads/origin/master refs/remotes/origin/master [1ms]
2024-09-13 19:11:16.922 [info] > git rev-parse --show-toplevel [1ms]
2024-09-13 19:11:16.922 [info] fatal: not a git repository (or any parent up to mount point /)
Stopping at filesystem boundary (GIT_DISCOVERY_ACROSS_FILESYSTEM not set).
2024-09-13 19:11:17.692 [info] > git status -z -uall [1608ms]
2024-09-13 19:11:17.706 [info] > git for-each-ref --format=%(refname)%00%(upstream:short)%00%(objectname)%00%(upstream:track)%00%(upstream:remotename)%00%(upstream:remoteref) refs/heads/master refs/remotes/master [9ms]
2024-09-13 19:11:17.712 [info] > git config --local branch.master.vscode-merge-base [2ms]
2024-09-13 19:11:17.716 [info] > git config --get commit.template [11ms]
2024-09-13 19:11:17.719 [info] > git for-each-ref --format=%(refname)%00%(upstream:short)%00%(objectname)%00%(upstream:track)%00%(upstream:remotename)%00%(upstream:remoteref) refs/heads/origin/master refs/remotes/origin/master [4ms]
2024-09-13 19:11:17.726 [info] > git for-each-ref --format=%(refname)%00%(upstream:short)%00%(objectname)%00%(upstream:track)%00%(upstream:remotename)%00%(upstream:remoteref) refs/heads/master refs/remotes/master [7ms]
2024-09-13 19:11:17.729 [warning] [Git][revParse] Unable to read file: ENOENT: no such file or directory, open '/home/jvj/ocaml-lsp/.git/refs/remotes/origin/master'
2024-09-13 19:11:17.730 [info] > git merge-base refs/heads/master refs/remotes/origin/master [4ms]
2024-09-13 19:11:17.735 [info] > git rev-list --count --left-right refs/heads/master...refs/remotes/origin/master [2ms]
2024-09-13 19:11:17.737 [info] > git rev-parse refs/remotes/origin/master [8ms]
2024-09-13 19:11:17.741 [info] > git diff --name-status -z --diff-filter=ADMR 3dc1a6633bfe2ebd34d7aa38f008c8c28300ee55...refs/remotes/origin/master [4ms]
2024-09-13 19:11:17.773 [info] > git status -z -uall [33ms]
2024-09-13 19:11:17.778 [info] > git for-each-ref --format=%(refname)%00%(upstream:short)%00%(objectname)%00%(upstream:track)%00%(upstream:remotename)%00%(upstream:remoteref) refs/heads/master refs/remotes/master [2ms]
2024-09-13 19:11:17.782 [info] > git config --local branch.master.vscode-merge-base [1ms]
2024-09-13 19:11:17.787 [info] > git for-each-ref --format=%(refname)%00%(upstream:short)%00%(objectname)%00%(upstream:track)%00%(upstream:remotename)%00%(upstream:remoteref) refs/heads/origin/master refs/remotes/origin/master [2ms]
2024-09-13 19:11:22.108 [info] > git rev-parse --show-toplevel [2ms]
2024-09-13 19:11:22.109 [info] fatal: not a git repository (or any parent up to mount point /)
Stopping at filesystem boundary (GIT_DISCOVERY_ACROSS_FILESYSTEM not set).
2024-09-13 20:25:36.088 [info] > git rev-parse --show-toplevel [40ms]
2024-09-13 20:25:36.099 [info] fatal: not a git repository (or any parent up to mount point /)
Stopping at filesystem boundary (GIT_DISCOVERY_ACROSS_FILESYSTEM not set).
2024-09-13 20:25:52.650 [info] > git rev-parse --show-toplevel [5ms]
2024-09-13 20:25:52.650 [info] fatal: not a git repository (or any parent up to mount point /)
Stopping at filesystem boundary (GIT_DISCOVERY_ACROSS_FILESYSTEM not set).
2024-09-13 20:26:03.752 [info] > git check-ignore -v -z --stdin [19ms]
2024-09-13 20:26:07.979 [info] > git check-ignore -v -z --stdin [15ms]
2024-09-13 20:26:38.321 [info] > git config --get commit.template [4ms]
2024-09-13 20:26:38.322 [info] > git for-each-ref --format=%(refname)%00%(upstream:short)%00%(objectname)%00%(upstream:track)%00%(upstream:remotename)%00%(upstream:remoteref) refs/heads/master refs/remotes/master [2ms]
2024-09-13 20:26:38.325 [warning] [Git][revParse] Unable to read file: ENOENT: no such file or directory, open '/home/jvj/ocaml-lsp/.git/refs/remotes/origin/master'
2024-09-13 20:26:38.325 [info] > git rev-parse refs/remotes/origin/master [1ms]
2024-09-13 20:26:38.868 [info] > git status -z -uall [540ms]
2024-09-13 20:26:38.879 [info] > git for-each-ref --format=%(refname)%00%(upstream:short)%00%(objectname)%00%(upstream:track)%00%(upstream:remotename)%00%(upstream:remoteref) refs/heads/master refs/remotes/master [3ms]
2024-09-13 20:26:38.887 [info] > git config --local branch.master.vscode-merge-base [3ms]
2024-09-13 20:26:38.899 [info] > git for-each-ref --format=%(refname)%00%(upstream:short)%00%(objectname)%00%(upstream:track)%00%(upstream:remotename)%00%(upstream:remoteref) refs/heads/origin/master refs/remotes/origin/master [4ms]
2024-09-13 20:26:42.316 [info] > git check-ignore -v -z --stdin [3ms]
2024-09-13 20:28:08.128 [info] > git rev-parse --show-toplevel [2ms]
2024-09-13 20:28:08.136 [info] > git rev-parse --git-dir --git-common-dir [1ms]
2024-09-13 20:28:08.141 [info] [Model][openRepository] Opened repository: /home/jvj/.cache/yay/ocaml-ocamlformat
2024-09-13 20:28:08.160 [info] > git config --get commit.template [7ms]
2024-09-13 20:28:08.162 [info] > git for-each-ref --format=%(refname)%00%(upstream:short)%00%(objectname)%00%(upstream:track)%00%(upstream:remotename)%00%(upstream:remoteref) refs/heads/master refs/remotes/master [3ms]
2024-09-13 20:28:08.166 [warning] [Git][revParse] Unable to read file: ENOENT: no such file or directory, open '/home/jvj/.cache/yay/ocaml-ocamlformat/.git/refs/remotes/origin/master'
2024-09-13 20:28:08.167 [info] > git rev-parse refs/remotes/origin/master [1ms]
2024-09-13 20:28:08.183 [info] > git status -z -uall [12ms]
2024-09-13 20:28:08.195 [info] > git for-each-ref --format=%(refname)%00%(upstream:short)%00%(objectname)%00%(upstream:track)%00%(upstream:remotename)%00%(upstream:remoteref) refs/heads/master refs/remotes/master [7ms]
2024-09-13 20:28:08.199 [info] > git config --get commit.template [4ms]
2024-09-13 20:28:08.199 [info] > git config --local branch.master.vscode-merge-base [1ms]
2024-09-13 20:28:08.199 [warning] [Git][config] git config failed: Failed to execute git
2024-09-13 20:28:08.210 [info] > git for-each-ref --format=%(refname)%00%(upstream:short)%00%(objectname)%00%(upstream:track)%00%(upstream:remotename)%00%(upstream:remoteref) refs/heads/master refs/remotes/master [2ms]
2024-09-13 20:28:08.215 [warning] [Git][revParse] Unable to read file: ENOENT: no such file or directory, open '/home/jvj/.cache/yay/ocaml-ocamlformat/.git/refs/remotes/origin/master'
2024-09-13 20:28:08.216 [info] > git rev-parse refs/remotes/origin/master [2ms]
2024-09-13 20:28:08.220 [info] > git reflog master --grep-reflog=branch: Created from *. [16ms]
2024-09-13 20:28:08.224 [info] > git status -z -uall [5ms]
2024-09-13 20:28:08.230 [info] > git for-each-ref --format=%(refname)%00%(upstream:short)%00%(objectname)%00%(upstream:track)%00%(upstream:remotename)%00%(upstream:remoteref) refs/heads/master refs/remotes/master [2ms]
2024-09-13 20:28:08.234 [info] > git config --local branch.master.vscode-merge-base [2ms]
2024-09-13 20:28:08.234 [warning] [Git][config] git config failed: Failed to execute git
2024-09-13 20:28:08.237 [info] > git symbolic-ref --short refs/remotes/origin/HEAD [13ms]
2024-09-13 20:28:08.240 [info] > git reflog master --grep-reflog=branch: Created from *. [4ms]
2024-09-13 20:28:08.242 [info] > git for-each-ref --format=%(refname)%00%(upstream:short)%00%(objectname)%00%(upstream:track)%00%(upstream:remotename)%00%(upstream:remoteref) refs/heads/origin/master refs/remotes/origin/master [3ms]
2024-09-13 20:28:08.245 [info] > git symbolic-ref --short refs/remotes/origin/HEAD [3ms]
2024-09-13 20:28:08.248 [info] > git config --local branch.master.vscode-merge-base origin/master [3ms]
2024-09-13 20:28:08.252 [info] > git for-each-ref --format=%(refname)%00%(upstream:short)%00%(objectname)%00%(upstream:track)%00%(upstream:remotename)%00%(upstream:remoteref) refs/heads/origin/master refs/remotes/origin/master [3ms]
2024-09-13 20:28:08.255 [info] > git config --get commit.template [4ms]
2024-09-13 20:28:08.258 [info] > git config --local branch.master.vscode-merge-base origin/master [4ms]
2024-09-13 20:28:08.262 [info] > git for-each-ref --format=%(refname)%00%(upstream:short)%00%(objectname)%00%(upstream:track)%00%(upstream:remotename)%00%(upstream:remoteref) refs/heads/master refs/remotes/master [3ms]
2024-09-13 20:28:08.265 [warning] [Git][revParse] Unable to read file: ENOENT: no such file or directory, open '/home/jvj/.cache/yay/ocaml-ocamlformat/.git/refs/remotes/origin/master'
2024-09-13 20:28:08.270 [info] > git rev-parse refs/remotes/origin/master [5ms]
2024-09-13 20:28:08.275 [info] > git config --get commit.template [14ms]
2024-09-13 20:28:08.276 [info] > git for-each-ref --format=%(refname)%00%(upstream:short)%00%(objectname)%00%(upstream:track)%00%(upstream:remotename)%00%(upstream:remoteref) refs/heads/master refs/remotes/master [6ms]
2024-09-13 20:28:08.279 [warning] [Git][revParse] Unable to read file: ENOENT: no such file or directory, open '/home/jvj/.cache/yay/ocaml-ocamlformat/.git/refs/remotes/origin/master'
2024-09-13 20:28:08.280 [info] > git merge-base refs/heads/master refs/remotes/origin/master [5ms]
2024-09-13 20:28:08.283 [info] > git rev-parse refs/remotes/origin/master [4ms]
2024-09-13 20:28:08.286 [info] > git rev-list --count --left-right refs/heads/master...refs/remotes/origin/master [3ms]
2024-09-13 20:28:08.289 [info] > git status -z -uall [4ms]
2024-09-13 20:28:08.293 [info] > git diff --name-status -z --diff-filter=ADMR 79eab42ccf0714d4316f71df0c73c0f63881438c...refs/remotes/origin/master [5ms]
2024-09-13 20:28:08.293 [info] > git for-each-ref --format=%(refname)%00%(upstream:short)%00%(objectname)%00%(upstream:track)%00%(upstream:remotename)%00%(upstream:remoteref) refs/heads/master refs/remotes/master [1ms]
2024-09-13 20:28:08.298 [info] > git config --local branch.master.vscode-merge-base [1ms]
2024-09-13 20:28:08.305 [info] > git for-each-ref --format=%(refname)%00%(upstream:short)%00%(objectname)%00%(upstream:track)%00%(upstream:remotename)%00%(upstream:remoteref) refs/heads/origin/master refs/remotes/origin/master [4ms]
2024-09-13 20:28:08.728 [info] > git check-ignore -v -z --stdin [4ms]
2024-09-13 20:28:08.752 [info] > git check-ignore -v -z --stdin [26ms]
2024-09-13 20:29:58.319 [info] > git rev-parse --show-toplevel [3ms]
2024-09-13 20:29:58.327 [info] > git rev-parse --git-dir --git-common-dir [2ms]
2024-09-13 20:29:58.335 [info] [Model][openRepository] Opened repository: /home/jvj/.cache/yay/ocaml-ppx_yojson_conv_lib
2024-09-13 20:29:58.352 [info] > git config --get commit.template [9ms]
2024-09-13 20:29:58.357 [info] > git for-each-ref --format=%(refname)%00%(upstream:short)%00%(objectname)%00%(upstream:track)%00%(upstream:remotename)%00%(upstream:remoteref) refs/heads/master refs/remotes/master [6ms]
2024-09-13 20:29:58.361 [warning] [Git][revParse] Unable to read file: ENOENT: no such file or directory, open '/home/jvj/.cache/yay/ocaml-ppx_yojson_conv_lib/.git/refs/remotes/origin/master'
2024-09-13 20:29:58.363 [info] > git rev-parse refs/remotes/origin/master [1ms]
2024-09-13 20:29:58.370 [info] > git status -z -uall [3ms]
2024-09-13 20:29:58.382 [info] > git for-each-ref --format=%(refname)%00%(upstream:short)%00%(objectname)%00%(upstream:track)%00%(upstream:remotename)%00%(upstream:remoteref) refs/heads/master refs/remotes/master [9ms]
2024-09-13 20:29:58.387 [info] > git config --get commit.template [6ms]
2024-09-13 20:29:58.392 [info] > git config --local branch.master.vscode-merge-base [5ms]
2024-09-13 20:29:58.392 [warning] [Git][config] git config failed: Failed to execute git
2024-09-13 20:29:58.395 [info] > git for-each-ref --format=%(refname)%00%(upstream:short)%00%(objectname)%00%(upstream:track)%00%(upstream:remotename)%00%(upstream:remoteref) refs/heads/master refs/remotes/master [4ms]
2024-09-13 20:29:58.399 [warning] [Git][revParse] Unable to read file: ENOENT: no such file or directory, open '/home/jvj/.cache/yay/ocaml-ppx_yojson_conv_lib/.git/refs/remotes/origin/master'
2024-09-13 20:29:58.401 [info] > git rev-parse refs/remotes/origin/master [2ms]
2024-09-13 20:29:58.405 [info] > git status -z -uall [2ms]
2024-09-13 20:29:58.412 [info] > git reflog master --grep-reflog=branch: Created from *. [17ms]
2024-09-13 20:29:58.417 [info] > git for-each-ref --format=%(refname)%00%(upstream:short)%00%(objectname)%00%(upstream:track)%00%(upstream:remotename)%00%(upstream:remoteref) refs/heads/master refs/remotes/master [8ms]
2024-09-13 20:29:58.424 [info] > git config --local branch.master.vscode-merge-base [1ms]
2024-09-13 20:29:58.424 [warning] [Git][config] git config failed: Failed to execute git
2024-09-13 20:29:58.428 [info] > git symbolic-ref --short refs/remotes/origin/HEAD [13ms]
2024-09-13 20:29:58.446 [info] > git for-each-ref --format=%(refname)%00%(upstream:short)%00%(objectname)%00%(upstream:track)%00%(upstream:remotename)%00%(upstream:remoteref) refs/heads/origin/master refs/remotes/origin/master [15ms]
2024-09-13 20:29:58.449 [info] > git reflog master --grep-reflog=branch: Created from *. [22ms]
2024-09-13 20:29:58.452 [info] > git config --local branch.master.vscode-merge-base origin/master [3ms]
2024-09-13 20:29:58.455 [info] > git symbolic-ref --short refs/remotes/origin/HEAD [4ms]
2024-09-13 20:29:58.458 [info] > git config --get commit.template [3ms]
2024-09-13 20:29:58.461 [info] > git for-each-ref --format=%(refname)%00%(upstream:short)%00%(objectname)%00%(upstream:track)%00%(upstream:remotename)%00%(upstream:remoteref) refs/heads/origin/master refs/remotes/origin/master [3ms]
2024-09-13 20:29:58.465 [info] > git for-each-ref --format=%(refname)%00%(upstream:short)%00%(objectname)%00%(upstream:track)%00%(upstream:remotename)%00%(upstream:remoteref) refs/heads/master refs/remotes/master [4ms]
2024-09-13 20:29:58.468 [warning] [Git][revParse] Unable to read file: ENOENT: no such file or directory, open '/home/jvj/.cache/yay/ocaml-ppx_yojson_conv_lib/.git/refs/remotes/origin/master'
2024-09-13 20:29:58.468 [info] > git config --local branch.master.vscode-merge-base origin/master [4ms]
2024-09-13 20:29:58.471 [info] > git rev-parse refs/remotes/origin/master [3ms]
2024-09-13 20:29:58.474 [info] > git config --get commit.template [2ms]
2024-09-13 20:29:58.476 [info] > git merge-base refs/heads/master refs/remotes/origin/master [3ms]
2024-09-13 20:29:58.480 [info] > git for-each-ref --format=%(refname)%00%(upstream:short)%00%(objectname)%00%(upstream:track)%00%(upstream:remotename)%00%(upstream:remoteref) refs/heads/master refs/remotes/master [3ms]
2024-09-13 20:29:58.482 [warning] [Git][revParse] Unable to read file: ENOENT: no such file or directory, open '/home/jvj/.cache/yay/ocaml-ppx_yojson_conv_lib/.git/refs/remotes/origin/master'
2024-09-13 20:29:58.482 [info] > git rev-list --count --left-right refs/heads/master...refs/remotes/origin/master [3ms]
2024-09-13 20:29:58.485 [info] > git rev-parse refs/remotes/origin/master [3ms]
2024-09-13 20:29:58.488 [info] > git diff --name-status -z --diff-filter=ADMR 667c32c7c3fdf8db9c09ff3fc56d812574a51516...refs/remotes/origin/master [3ms]
2024-09-13 20:29:58.489 [info] > git status -z -uall [1ms]
2024-09-13 20:29:58.495 [info] > git for-each-ref --format=%(refname)%00%(upstream:short)%00%(objectname)%00%(upstream:track)%00%(upstream:remotename)%00%(upstream:remoteref) refs/heads/master refs/remotes/master [2ms]
2024-09-13 20:29:58.499 [info] > git config --local branch.master.vscode-merge-base [1ms]
2024-09-13 20:29:58.503 [info] > git for-each-ref --format=%(refname)%00%(upstream:short)%00%(objectname)%00%(upstream:track)%00%(upstream:remotename)%00%(upstream:remoteref) refs/heads/origin/master refs/remotes/origin/master [1ms]
2024-09-13 20:29:58.930 [info] > git check-ignore -v -z --stdin [7ms]
2024-09-13 20:29:58.932 [info] > git check-ignore -v -z --stdin [2ms]
2024-09-13 20:30:24.606 [info] > git config --get commit.template [9ms]
2024-09-13 20:30:24.606 [info] > git config --get commit.template [14ms]
2024-09-13 20:30:24.611 [info] > git config --get commit.template [3ms]
2024-09-13 20:30:24.630 [info] > git for-each-ref --format=%(refname)%00%(upstream:short)%00%(objectname)%00%(upstream:track)%00%(upstream:remotename)%00%(upstream:remoteref) refs/heads/master refs/remotes/master [9ms]
2024-09-13 20:30:24.638 [warning] [Git][revParse] Unable to read file: ENOENT: no such file or directory, open '/home/jvj/ocaml-lsp/.git/refs/remotes/origin/master'
2024-09-13 20:30:24.639 [info] > git for-each-ref --format=%(refname)%00%(upstream:short)%00%(objectname)%00%(upstream:track)%00%(upstream:remotename)%00%(upstream:remoteref) refs/heads/master refs/remotes/master [10ms]
2024-09-13 20:30:24.641 [warning] [Git][revParse] Unable to read file: ENOENT: no such file or directory, open '/home/jvj/.cache/yay/ocaml-ppx_yojson_conv_lib/.git/refs/remotes/origin/master'
2024-09-13 20:30:24.642 [info] > git for-each-ref --format=%(refname)%00%(upstream:short)%00%(objectname)%00%(upstream:track)%00%(upstream:remotename)%00%(upstream:remoteref) refs/heads/master refs/remotes/master [15ms]
2024-09-13 20:30:24.642 [info] > git rev-parse refs/remotes/origin/master [4ms]
2024-09-13 20:30:24.647 [warning] [Git][revParse] Unable to read file: ENOENT: no such file or directory, open '/home/jvj/.cache/yay/ocaml-ocamlformat/.git/refs/remotes/origin/master'
2024-09-13 20:30:24.647 [info] > git rev-parse refs/remotes/origin/master [6ms]
2024-09-13 20:30:24.650 [info] > git rev-parse refs/remotes/origin/master [4ms]
2024-09-13 20:30:24.653 [info] > git status -z -uall [3ms]
2024-09-13 20:30:24.660 [info] > git status -z -uall [16ms]
2024-09-13 20:30:24.660 [info] > git status -z -uall [7ms]
2024-09-13 20:30:24.661 [info] > git for-each-ref --format=%(refname)%00%(upstream:short)%00%(objectname)%00%(upstream:track)%00%(upstream:remotename)%00%(upstream:remoteref) refs/heads/master refs/remotes/master [3ms]
2024-09-13 20:30:24.672 [info] > git for-each-ref --format=%(refname)%00%(upstream:short)%00%(objectname)%00%(upstream:track)%00%(upstream:remotename)%00%(upstream:remoteref) refs/heads/master refs/remotes/master [6ms]
2024-09-13 20:30:24.675 [info] > git config --local branch.master.vscode-merge-base [12ms]
2024-09-13 20:30:24.678 [info] > git config --local branch.master.vscode-merge-base [3ms]
2024-09-13 20:30:24.681 [info] > git for-each-ref --format=%(refname)%00%(upstream:short)%00%(objectname)%00%(upstream:track)%00%(upstream:remotename)%00%(upstream:remoteref) refs/heads/master refs/remotes/master [10ms]
2024-09-13 20:30:24.684 [info] > git for-each-ref --format=%(refname)%00%(upstream:short)%00%(objectname)%00%(upstream:track)%00%(upstream:remotename)%00%(upstream:remoteref) refs/heads/origin/master refs/remotes/origin/master [3ms]
2024-09-13 20:30:24.684 [info] > git for-each-ref --format=%(refname)%00%(upstream:short)%00%(objectname)%00%(upstream:track)%00%(upstream:remotename)%00%(upstream:remoteref) refs/heads/origin/master refs/remotes/origin/master [6ms]
2024-09-13 20:30:24.684 [info] > git config --local branch.master.vscode-merge-base [1ms]
2024-09-13 20:30:24.688 [info] > git for-each-ref --format=%(refname)%00%(upstream:short)%00%(objectname)%00%(upstream:track)%00%(upstream:remotename)%00%(upstream:remoteref) refs/heads/origin/master refs/remotes/origin/master [1ms]
2024-09-13 20:31:05.091 [info] > git config --get commit.template [2ms]
2024-09-13 20:31:05.091 [info] > git config --get commit.template [5ms]
2024-09-13 20:31:05.091 [info] > git config --get commit.template [7ms]
2024-09-13 20:31:05.101 [info] > git for-each-ref --format=%(refname)%00%(upstream:short)%00%(objectname)%00%(upstream:track)%00%(upstream:remotename)%00%(upstream:remoteref) refs/heads/master refs/remotes/master [3ms]
2024-09-13 20:31:05.101 [info] > git for-each-ref --format=%(refname)%00%(upstream:short)%00%(objectname)%00%(upstream:track)%00%(upstream:remotename)%00%(upstream:remoteref) refs/heads/master refs/remotes/master [6ms]
2024-09-13 20:31:05.104 [warning] [Git][revParse] Unable to read file: ENOENT: no such file or directory, open '/home/jvj/ocaml-lsp/.git/refs/remotes/origin/master'
2024-09-13 20:31:05.106 [warning] [Git][revParse] Unable to read file: ENOENT: no such file or directory, open '/home/jvj/.cache/yay/ocaml-ppx_yojson_conv_lib/.git/refs/remotes/origin/master'
2024-09-13 20:31:05.106 [info] > git for-each-ref --format=%(refname)%00%(upstream:short)%00%(objectname)%00%(upstream:track)%00%(upstream:remotename)%00%(upstream:remoteref) refs/heads/master refs/remotes/master [6ms]
2024-09-13 20:31:05.110 [warning] [Git][revParse] Unable to read file: ENOENT: no such file or directory, open '/home/jvj/.cache/yay/ocaml-ocamlformat/.git/refs/remotes/origin/master'
2024-09-13 20:31:05.110 [info] > git rev-parse refs/remotes/origin/master [6ms]
2024-09-13 20:31:05.113 [info] > git rev-parse refs/remotes/origin/master [4ms]
2024-09-13 20:31:05.116 [info] > git rev-parse refs/remotes/origin/master [10ms]
2024-09-13 20:31:05.119 [info] > git status -z -uall [3ms]
2024-09-13 20:31:05.124 [info] > git status -z -uall [6ms]
2024-09-13 20:31:05.124 [info] > git for-each-ref --format=%(refname)%00%(upstream:short)%00%(objectname)%00%(upstream:track)%00%(upstream:remotename)%00%(upstream:remoteref) refs/heads/master refs/remotes/master [2ms]
2024-09-13 20:31:05.133 [info] > git status -z -uall [21ms]
2024-09-13 20:31:05.133 [info] > git for-each-ref --format=%(refname)%00%(upstream:short)%00%(objectname)%00%(upstream:track)%00%(upstream:remotename)%00%(upstream:remoteref) refs/heads/master refs/remotes/master [3ms]
2024-09-13 20:31:05.138 [info] > git config --local branch.master.vscode-merge-base [10ms]
2024-09-13 20:31:05.145 [info] > git for-each-ref --format=%(refname)%00%(upstream:short)%00%(objectname)%00%(upstream:track)%00%(upstream:remotename)%00%(upstream:remoteref) refs/heads/master refs/remotes/master [2ms]
2024-09-13 20:31:05.148 [info] > git for-each-ref --format=%(refname)%00%(upstream:short)%00%(objectname)%00%(upstream:track)%00%(upstream:remotename)%00%(upstream:remoteref) refs/heads/origin/master refs/remotes/origin/master [8ms]
2024-09-13 20:31:05.148 [info] > git config --local branch.master.vscode-merge-base [11ms]
2024-09-13 20:31:05.152 [info] > git config --local branch.master.vscode-merge-base [4ms]
2024-09-13 20:31:05.156 [info] > git for-each-ref --format=%(refname)%00%(upstream:short)%00%(objectname)%00%(upstream:track)%00%(upstream:remotename)%00%(upstream:remoteref) refs/heads/origin/master refs/remotes/origin/master [4ms]
2024-09-13 20:31:05.157 [info] > git for-each-ref --format=%(refname)%00%(upstream:short)%00%(objectname)%00%(upstream:track)%00%(upstream:remotename)%00%(upstream:remoteref) refs/heads/origin/master refs/remotes/origin/master [2ms]
2024-09-13 20:37:59.173 [info] > git config --get commit.template [3ms]
2024-09-13 20:37:59.178 [info] > git for-each-ref --format=%(refname)%00%(upstream:short)%00%(objectname)%00%(upstream:track)%00%(upstream:remotename)%00%(upstream:remoteref) refs/heads/master refs/remotes/master [3ms]
2024-09-13 20:37:59.178 [info] > git config --get commit.template [6ms]
2024-09-13 20:37:59.180 [warning] [Git][revParse] Unable to read file: ENOENT: no such file or directory, open '/home/jvj/ocaml-lsp/.git/refs/remotes/origin/master'
2024-09-13 20:37:59.180 [info] > git for-each-ref --format=%(refname)%00%(upstream:short)%00%(objectname)%00%(upstream:track)%00%(upstream:remotename)%00%(upstream:remoteref) refs/heads/master refs/remotes/master [3ms]
2024-09-13 20:37:59.183 [warning] [Git][revParse] Unable to read file: ENOENT: no such file or directory, open '/home/jvj/.cache/yay/ocaml-ocamlformat/.git/refs/remotes/origin/master'
2024-09-13 20:37:59.183 [info] > git rev-parse refs/remotes/origin/master [3ms]
2024-09-13 20:37:59.189 [info] > git rev-parse refs/remotes/origin/master [6ms]
2024-09-13 20:37:59.194 [info] > git status -z -uall [2ms]
2024-09-13 20:37:59.199 [info] > git for-each-ref --format=%(refname)%00%(upstream:short)%00%(objectname)%00%(upstream:track)%00%(upstream:remotename)%00%(upstream:remoteref) refs/heads/master refs/remotes/master [2ms]
2024-09-13 20:37:59.204 [info] > git config --local branch.master.vscode-merge-base [1ms]
2024-09-13 20:37:59.208 [info] > git status -z -uall [19ms]
2024-09-13 20:37:59.212 [info] > git for-each-ref --format=%(refname)%00%(upstream:short)%00%(objectname)%00%(upstream:track)%00%(upstream:remotename)%00%(upstream:remoteref) refs/heads/origin/master refs/remotes/origin/master [4ms]
2024-09-13 20:37:59.213 [info] > git for-each-ref --format=%(refname)%00%(upstream:short)%00%(objectname)%00%(upstream:track)%00%(upstream:remotename)%00%(upstream:remoteref) refs/heads/master refs/remotes/master [2ms]
2024-09-13 20:37:59.217 [info] > git config --local branch.master.vscode-merge-base [1ms]
2024-09-13 20:37:59.222 [info] > git for-each-ref --format=%(refname)%00%(upstream:short)%00%(objectname)%00%(upstream:track)%00%(upstream:remotename)%00%(upstream:remoteref) refs/heads/origin/master refs/remotes/origin/master [2ms]
