external command {
  "bin": "/usr/local/bin/opam",
  "args": [
    "--version"
  ]
}

external command {
  "bin": "/usr/local/bin/opam",
  "args": [
    "--version"
  ]
}

external command {
  "bin": "/usr/local/bin/opam",
  "args": [
    "--version"
  ]
}

external command (finished) {
  "bin": "/usr/local/bin/opam",
  "args": [
    "--version"
  ],
  "result": {
    "exitCode": 0,
    "stdout": "2.2.1\n",
    "stderr": ""
  }
}

external command {
  "bin": "/usr/local/bin/opam",
  "args": [
    "var",
    "--global",
    "root"
  ]
}

external command (finished) {
  "bin": "/usr/local/bin/opam",
  "args": [
    "--version"
  ],
  "result": {
    "exitCode": 0,
    "stdout": "2.2.1\n",
    "stderr": ""
  }
}

external command {
  "bin": "/usr/local/bin/opam",
  "args": [
    "var",
    "--global",
    "root"
  ]
}

external command (finished) {
  "bin": "/usr/local/bin/opam",
  "args": [
    "var",
    "--global",
    "root"
  ],
  "result": {
    "exitCode": 0,
    "stdout": "/home/jvj/.opam\n",
    "stderr": ""
  }
}

external command (finished) {
  "bin": "/usr/local/bin/opam",
  "args": [
    "--version"
  ],
  "result": {
    "exitCode": 0,
    "stdout": "2.2.1\n",
    "stderr": ""
  }
}

external command {
  "bin": "/usr/local/bin/opam",
  "args": [
    "var",
    "--global",
    "root"
  ]
}

external command (finished) {
  "bin": "/usr/local/bin/opam",
  "args": [
    "var",
    "--global",
    "root"
  ],
  "result": {
    "exitCode": 0,
    "stdout": "/home/jvj/.opam\n",
    "stderr": ""
  }
}

external command {
  "bin": "/usr/local/bin/opam",
  "args": [
    "switch",
    "show",
    "--root",
    "/home/jvj/.opam"
  ]
}

external command (finished) {
  "bin": "/usr/local/bin/opam",
  "args": [
    "var",
    "--global",
    "root"
  ],
  "result": {
    "exitCode": 0,
    "stdout": "/home/jvj/.opam\n",
    "stderr": ""
  }
}

external command (finished) {
  "bin": "/usr/local/bin/opam",
  "args": [
    "switch",
    "show",
    "--root",
    "/home/jvj/.opam"
  ],
  "result": {
    "exitCode": 50,
    "stdout": "",
    "stderr": "[ERROR] No switch is currently set. Please use 'opam switch' to set or install a switch\n"
  }
}

external command {
  "bin": "/usr/local/bin/opam",
  "args": [
    "switch",
    "show",
    "--root",
    "/home/jvj/.opam"
  ]
}

external command (finished) {
  "bin": "/usr/local/bin/opam",
  "args": [
    "switch",
    "show",
    "--root",
    "/home/jvj/.opam"
  ],
  "result": {
    "exitCode": 50,
    "stdout": "",
    "stderr": "[ERROR] No switch is currently set. Please use 'opam switch' to set or install a switch\n"
  }
}

external command {
  "bin": "ocamlc",
  "args": [
    "--version"
  ]
}

external command (finished) {
  "bin": "ocamlc",
  "args": [
    "--version"
  ],
  "result": {
    "exitCode": 0,
    "stdout": "5.2.0\n",
    "stderr": ""
  }
}

external command {
  "bin": "ocamllsp",
  "args": [
    "--version"
  ]
}

process error {
  "errno": -2,
  "code": "ENOENT",
  "syscall": "spawn ocamllsp",
  "path": "ocamllsp",
  "spawnargs": [
    "--version"
  ]
}

external command (finished) {
  "bin": "ocamllsp",
  "args": [
    "--version"
  ],
  "result": {
    "exitCode": -2,
    "stdout": "",
    "stderr": ""
  }
}

