2024-09-13 22:59:26.777 [info] [main] Log level: Info
2024-09-13 22:59:26.777 [info] [main] Validating found git in: "git"
2024-09-13 22:59:26.902 [info] [main] Using git "2.46.0" from "git"
2024-09-13 22:59:26.902 [info] [Model][doInitialScan] Initial repository scan started
2024-09-13 22:59:26.916 [info] > git rev-parse --show-toplevel [5ms]
2024-09-13 22:59:26.916 [info] fatal: not a git repository (or any parent up to mount point /)
Stopping at filesystem boundary (GIT_DISCOVERY_ACROSS_FILESYSTEM not set).
2024-09-13 22:59:26.922 [info] > git rev-parse --show-toplevel [1ms]
2024-09-13 22:59:26.922 [info] fatal: not a git repository (or any parent up to mount point /)
Stopping at filesystem boundary (GIT_DISCOVERY_ACROSS_FILESYSTEM not set).
2024-09-13 22:59:26.951 [info] > git rev-parse --show-toplevel [2ms]
2024-09-13 22:59:26.951 [info] fatal: not a git repository (or any parent up to mount point /)
Stopping at filesystem boundary (GIT_DISCOVERY_ACROSS_FILESYSTEM not set).
2024-09-13 22:59:26.954 [info] > git rev-parse --show-toplevel [1ms]
2024-09-13 22:59:26.954 [info] fatal: not a git repository (or any parent up to mount point /)
Stopping at filesystem boundary (GIT_DISCOVERY_ACROSS_FILESYSTEM not set).
2024-09-13 22:59:26.962 [info] > git rev-parse --show-toplevel [5ms]
2024-09-13 22:59:26.962 [info] fatal: not a git repository (or any parent up to mount point /)
Stopping at filesystem boundary (GIT_DISCOVERY_ACROSS_FILESYSTEM not set).
2024-09-13 22:59:26.965 [info] > git rev-parse --show-toplevel [1ms]
2024-09-13 22:59:26.965 [info] fatal: not a git repository (or any parent up to mount point /)
Stopping at filesystem boundary (GIT_DISCOVERY_ACROSS_FILESYSTEM not set).
2024-09-13 22:59:26.969 [info] > git rev-parse --show-toplevel [2ms]
2024-09-13 22:59:26.969 [info] fatal: not a git repository (or any parent up to mount point /)
Stopping at filesystem boundary (GIT_DISCOVERY_ACROSS_FILESYSTEM not set).
2024-09-13 22:59:26.972 [info] > git rev-parse --show-toplevel [1ms]
2024-09-13 22:59:26.972 [info] fatal: not a git repository (or any parent up to mount point /)
Stopping at filesystem boundary (GIT_DISCOVERY_ACROSS_FILESYSTEM not set).
2024-09-13 22:59:26.976 [info] > git rev-parse --show-toplevel [2ms]
2024-09-13 22:59:26.976 [info] fatal: not a git repository (or any parent up to mount point /)
Stopping at filesystem boundary (GIT_DISCOVERY_ACROSS_FILESYSTEM not set).
2024-09-13 22:59:26.979 [info] > git rev-parse --show-toplevel [2ms]
2024-09-13 22:59:26.979 [info] fatal: not a git repository (or any parent up to mount point /)
Stopping at filesystem boundary (GIT_DISCOVERY_ACROSS_FILESYSTEM not set).
2024-09-13 22:59:26.983 [info] > git rev-parse --show-toplevel [2ms]
2024-09-13 22:59:26.983 [info] fatal: not a git repository (or any parent up to mount point /)
Stopping at filesystem boundary (GIT_DISCOVERY_ACROSS_FILESYSTEM not set).
2024-09-13 22:59:26.986 [info] > git rev-parse --show-toplevel [1ms]
2024-09-13 22:59:26.986 [info] fatal: not a git repository (or any parent up to mount point /)
Stopping at filesystem boundary (GIT_DISCOVERY_ACROSS_FILESYSTEM not set).
2024-09-13 22:59:26.990 [info] > git rev-parse --show-toplevel [1ms]
2024-09-13 22:59:26.990 [info] fatal: not a git repository (or any parent up to mount point /)
Stopping at filesystem boundary (GIT_DISCOVERY_ACROSS_FILESYSTEM not set).
2024-09-13 22:59:26.992 [info] > git rev-parse --show-toplevel [0ms]
2024-09-13 22:59:26.992 [info] fatal: not a git repository (or any parent up to mount point /)
Stopping at filesystem boundary (GIT_DISCOVERY_ACROSS_FILESYSTEM not set).
2024-09-13 22:59:26.994 [info] > git rev-parse --show-toplevel [1ms]
2024-09-13 22:59:26.994 [info] fatal: not a git repository (or any parent up to mount point /)
Stopping at filesystem boundary (GIT_DISCOVERY_ACROSS_FILESYSTEM not set).
2024-09-13 22:59:26.996 [info] > git rev-parse --show-toplevel [1ms]
2024-09-13 22:59:26.996 [info] fatal: not a git repository (or any parent up to mount point /)
Stopping at filesystem boundary (GIT_DISCOVERY_ACROSS_FILESYSTEM not set).
2024-09-13 22:59:26.998 [info] > git rev-parse --show-toplevel [1ms]
2024-09-13 22:59:26.998 [info] fatal: not a git repository (or any parent up to mount point /)
Stopping at filesystem boundary (GIT_DISCOVERY_ACROSS_FILESYSTEM not set).
2024-09-13 22:59:27.012 [info] > git rev-parse --show-toplevel [13ms]
2024-09-13 22:59:27.014 [info] > git rev-parse --git-dir --git-common-dir [1ms]
2024-09-13 22:59:27.016 [info] [Model][openRepository] Opened repository: /home/jvj/dotfiles
2024-09-13 22:59:27.019 [info] > git config --get commit.template [1ms]
2024-09-13 22:59:27.023 [info] > git rev-parse --show-toplevel [4ms]
2024-09-13 22:59:27.023 [info] fatal: not a git repository (or any parent up to mount point /)
Stopping at filesystem boundary (GIT_DISCOVERY_ACROSS_FILESYSTEM not set).
2024-09-13 22:59:27.027 [info] > git rev-parse --show-toplevel [1ms]
2024-09-13 22:59:27.027 [info] fatal: not a git repository (or any parent up to mount point /)
Stopping at filesystem boundary (GIT_DISCOVERY_ACROSS_FILESYSTEM not set).
2024-09-13 22:59:27.038 [info] > git for-each-ref --format=%(refname)%00%(upstream:short)%00%(objectname)%00%(upstream:track)%00%(upstream:remotename)%00%(upstream:remoteref) refs/heads/main refs/remotes/main [17ms]
2024-09-13 22:59:27.039 [info] > git rev-parse --show-toplevel [8ms]
2024-09-13 22:59:27.041 [warning] [Git][revParse] Unable to read file: ENOENT: no such file or directory, open '/home/jvj/dotfiles/.git/refs/remotes/origin/main'
2024-09-13 22:59:27.044 [info] > git rev-parse refs/remotes/origin/main [3ms]
2024-09-13 22:59:27.046 [info] > git rev-parse --git-dir --git-common-dir [3ms]
2024-09-13 22:59:27.049 [info] [Model][openRepository] Opened repository: /home/jvj/ocaml-lsp
2024-09-13 22:59:27.058 [info] > git config --get commit.template [4ms]
2024-09-13 22:59:27.058 [info] > git rev-parse --show-toplevel [1ms]
2024-09-13 22:59:27.058 [info] fatal: not a git repository (or any parent up to mount point /)
Stopping at filesystem boundary (GIT_DISCOVERY_ACROSS_FILESYSTEM not set).
2024-09-13 22:59:27.065 [info] > git rev-parse --show-toplevel [1ms]
2024-09-13 22:59:27.065 [info] fatal: not a git repository (or any parent up to mount point /)
Stopping at filesystem boundary (GIT_DISCOVERY_ACROSS_FILESYSTEM not set).
2024-09-13 22:59:27.069 [info] > git rev-parse --show-toplevel [1ms]
2024-09-13 22:59:27.069 [info] fatal: not a git repository (or any parent up to mount point /)
Stopping at filesystem boundary (GIT_DISCOVERY_ACROSS_FILESYSTEM not set).
2024-09-13 22:59:27.099 [info] > git rev-parse --show-toplevel [1ms]
2024-09-13 22:59:27.099 [info] fatal: not a git repository (or any parent up to mount point /)
Stopping at filesystem boundary (GIT_DISCOVERY_ACROSS_FILESYSTEM not set).
2024-09-13 22:59:27.200 [info] > git for-each-ref --format=%(refname)%00%(upstream:short)%00%(objectname)%00%(upstream:track)%00%(upstream:remotename)%00%(upstream:remoteref) refs/heads/master refs/remotes/master [139ms]
2024-09-13 22:59:27.204 [warning] [Git][revParse] Unable to read file: ENOENT: no such file or directory, open '/home/jvj/ocaml-lsp/.git/refs/remotes/origin/master'
2024-09-13 22:59:27.205 [info] > git rev-parse --show-toplevel [104ms]
2024-09-13 22:59:27.210 [info] > git rev-parse refs/remotes/origin/master [6ms]
2024-09-13 22:59:27.214 [info] > git rev-parse --git-dir --git-common-dir [4ms]
2024-09-13 22:59:27.220 [info] [Model][openRepository] Opened repository: /home/jvj/yay
2024-09-13 22:59:27.228 [info] > git config --get commit.template [4ms]
2024-09-13 22:59:27.228 [info] > git rev-parse --show-toplevel [1ms]
2024-09-13 22:59:27.228 [info] fatal: not a git repository (or any parent up to mount point /)
Stopping at filesystem boundary (GIT_DISCOVERY_ACROSS_FILESYSTEM not set).
2024-09-13 22:59:27.230 [info] [Model][doInitialScan] Initial repository scan completed - repositories (3), closed repositories (0), parent repositories (0), unsafe repositories (0)
2024-09-13 22:59:27.257 [info] > git for-each-ref --format=%(refname)%00%(upstream:short)%00%(objectname)%00%(upstream:track)%00%(upstream:remotename)%00%(upstream:remoteref) refs/heads/master refs/remotes/master [25ms]
2024-09-13 22:59:27.259 [warning] [Git][revParse] Unable to read file: ENOENT: no such file or directory, open '/home/jvj/yay/.git/refs/remotes/origin/master'
2024-09-13 22:59:27.260 [info] > git rev-parse refs/remotes/origin/master [1ms]
2024-09-13 22:59:27.293 [info] > git status -z -uall [31ms]
2024-09-13 22:59:27.304 [info] > git for-each-ref --format=%(refname)%00%(upstream:short)%00%(objectname)%00%(upstream:track)%00%(upstream:remotename)%00%(upstream:remoteref) refs/heads/master refs/remotes/master [8ms]
2024-09-13 22:59:27.307 [info] > git config --get commit.template [4ms]
2024-09-13 22:59:27.309 [info] > git config --local branch.master.vscode-merge-base [3ms]
2024-09-13 22:59:27.316 [info] > git for-each-ref --format=%(refname)%00%(upstream:short)%00%(objectname)%00%(upstream:track)%00%(upstream:remotename)%00%(upstream:remoteref) refs/heads/master refs/remotes/master [7ms]
2024-09-13 22:59:27.319 [warning] [Git][revParse] Unable to read file: ENOENT: no such file or directory, open '/home/jvj/yay/.git/refs/remotes/origin/master'
2024-09-13 22:59:27.319 [info] > git for-each-ref --format=%(refname)%00%(upstream:short)%00%(objectname)%00%(upstream:track)%00%(upstream:remotename)%00%(upstream:remoteref) refs/heads/origin/master refs/remotes/origin/master [8ms]
2024-09-13 22:59:27.322 [info] > git rev-parse refs/remotes/origin/master [3ms]
2024-09-13 22:59:27.325 [info] > git merge-base refs/heads/master refs/remotes/origin/master [3ms]
2024-09-13 22:59:27.328 [info] > git rev-list --count --left-right refs/heads/master...refs/remotes/origin/master [1ms]
2024-09-13 22:59:27.331 [info] > git status -z -uall [7ms]
2024-09-13 22:59:27.341 [info] > git diff --name-status -z --diff-filter=ADMR 4abc0938416a57cbd9974864caff28b4b7c3415a...refs/remotes/origin/master [10ms]
2024-09-13 22:59:27.342 [info] > git for-each-ref --format=%(refname)%00%(upstream:short)%00%(objectname)%00%(upstream:track)%00%(upstream:remotename)%00%(upstream:remoteref) refs/heads/master refs/remotes/master [3ms]
2024-09-13 22:59:27.350 [info] > git config --local branch.master.vscode-merge-base [5ms]
2024-09-13 22:59:27.355 [info] > git for-each-ref --format=%(refname)%00%(upstream:short)%00%(objectname)%00%(upstream:track)%00%(upstream:remotename)%00%(upstream:remoteref) refs/heads/origin/master refs/remotes/origin/master [2ms]
2024-09-13 22:59:27.361 [info] > git status -z -uall [315ms]
2024-09-13 22:59:27.370 [info] > git for-each-ref --format=%(refname)%00%(upstream:short)%00%(objectname)%00%(upstream:track)%00%(upstream:remotename)%00%(upstream:remoteref) refs/heads/main refs/remotes/main [6ms]
2024-09-13 22:59:27.374 [info] > git config --get commit.template [5ms]
2024-09-13 22:59:27.433 [info] > git config --local branch.main.vscode-merge-base [60ms]
2024-09-13 22:59:27.446 [info] > git for-each-ref --format=%(refname)%00%(upstream:short)%00%(objectname)%00%(upstream:track)%00%(upstream:remotename)%00%(upstream:remoteref) refs/heads/origin/main refs/remotes/origin/main [11ms]
2024-09-13 22:59:27.451 [info] > git merge-base refs/heads/main refs/remotes/origin/main [2ms]
2024-09-13 22:59:27.455 [info] > git for-each-ref --format=%(refname)%00%(upstream:short)%00%(objectname)%00%(upstream:track)%00%(upstream:remotename)%00%(upstream:remoteref) refs/heads/main refs/remotes/main [10ms]
2024-09-13 22:59:27.458 [warning] [Git][revParse] Unable to read file: ENOENT: no such file or directory, open '/home/jvj/dotfiles/.git/refs/remotes/origin/main'
2024-09-13 22:59:27.459 [info] > git rev-list --count --left-right refs/heads/main...refs/remotes/origin/main [4ms]
2024-09-13 22:59:27.463 [info] > git rev-parse refs/remotes/origin/main [5ms]
2024-09-13 22:59:27.466 [info] > git diff --name-status -z --diff-filter=ADMR 298278bc115722aaf85136a31993de4b4992b239...refs/remotes/origin/main [4ms]
2024-09-13 22:59:27.522 [info] > git status -z -uall [57ms]
2024-09-13 22:59:27.526 [info] > git for-each-ref --format=%(refname)%00%(upstream:short)%00%(objectname)%00%(upstream:track)%00%(upstream:remotename)%00%(upstream:remoteref) refs/heads/main refs/remotes/main [1ms]
2024-09-13 22:59:27.529 [info] > git config --local branch.main.vscode-merge-base [1ms]
2024-09-13 22:59:27.708 [info] > git for-each-ref --format=%(refname)%00%(upstream:short)%00%(objectname)%00%(upstream:track)%00%(upstream:remotename)%00%(upstream:remoteref) refs/heads/origin/main refs/remotes/origin/main [178ms]
2024-09-13 22:59:27.726 [info] > git check-ignore -v -z --stdin [15ms]
2024-09-13 22:59:27.729 [info] > git rev-parse --show-toplevel [4ms]
2024-09-13 22:59:27.729 [info] fatal: not a git repository (or any parent up to mount point /)
Stopping at filesystem boundary (GIT_DISCOVERY_ACROSS_FILESYSTEM not set).
2024-09-13 22:59:29.517 [info] > git status -z -uall [2304ms]
2024-09-13 22:59:29.533 [info] > git for-each-ref --format=%(refname)%00%(upstream:short)%00%(objectname)%00%(upstream:track)%00%(upstream:remotename)%00%(upstream:remoteref) refs/heads/master refs/remotes/master [10ms]
2024-09-13 22:59:29.537 [info] > git config --get commit.template [5ms]
2024-09-13 22:59:29.541 [info] > git config --local branch.master.vscode-merge-base [5ms]
2024-09-13 22:59:29.545 [info] > git for-each-ref --format=%(refname)%00%(upstream:short)%00%(objectname)%00%(upstream:track)%00%(upstream:remotename)%00%(upstream:remoteref) refs/heads/master refs/remotes/master [5ms]
2024-09-13 22:59:29.547 [warning] [Git][revParse] Unable to read file: ENOENT: no such file or directory, open '/home/jvj/ocaml-lsp/.git/refs/remotes/origin/master'
2024-09-13 22:59:29.548 [info] > git for-each-ref --format=%(refname)%00%(upstream:short)%00%(objectname)%00%(upstream:track)%00%(upstream:remotename)%00%(upstream:remoteref) refs/heads/origin/master refs/remotes/origin/master [4ms]
2024-09-13 22:59:29.552 [info] > git merge-base refs/heads/master refs/remotes/origin/master [1ms]
2024-09-13 22:59:29.555 [info] > git rev-parse refs/remotes/origin/master [8ms]
2024-09-13 22:59:29.560 [info] > git rev-list --count --left-right refs/heads/master...refs/remotes/origin/master [5ms]
2024-09-13 22:59:29.564 [info] > git diff --name-status -z --diff-filter=ADMR 3dc1a6633bfe2ebd34d7aa38f008c8c28300ee55...refs/remotes/origin/master [2ms]
2024-09-13 22:59:29.573 [info] > git status -z -uall [16ms]
2024-09-13 22:59:29.579 [info] > git for-each-ref --format=%(refname)%00%(upstream:short)%00%(objectname)%00%(upstream:track)%00%(upstream:remotename)%00%(upstream:remoteref) refs/heads/master refs/remotes/master [3ms]
2024-09-13 22:59:29.583 [info] > git config --local branch.master.vscode-merge-base [1ms]
2024-09-13 22:59:29.589 [info] > git for-each-ref --format=%(refname)%00%(upstream:short)%00%(objectname)%00%(upstream:track)%00%(upstream:remotename)%00%(upstream:remoteref) refs/heads/origin/master refs/remotes/origin/master [1ms]
2024-09-13 22:59:48.988 [info] > git rev-parse --show-toplevel [3ms]
2024-09-13 22:59:48.988 [info] fatal: not a git repository (or any parent up to mount point /)
Stopping at filesystem boundary (GIT_DISCOVERY_ACROSS_FILESYSTEM not set).
2024-09-13 23:50:56.248 [info] > git rev-parse --show-toplevel [130ms]
2024-09-13 23:50:56.248 [info] fatal: not a git repository (or any parent up to mount point /)
Stopping at filesystem boundary (GIT_DISCOVERY_ACROSS_FILESYSTEM not set).
