2024-09-13 13:28:35.857 [info] Added views:workbench.panel.markers.view in workbench.panel.markers
2024-09-13 13:28:35.857 [info] Added views:workbench.panel.output in workbench.panel.output
2024-09-13 13:28:35.857 [info] Added views:terminal in terminal
2024-09-13 13:28:35.857 [info] Added views:outline in workbench.view.explorer
2024-09-13 13:28:35.857 [info] Added views:workbench.scm in workbench.view.scm
2024-09-13 13:28:35.857 [info] Added views:workbench.view.search in workbench.view.search
2024-09-13 13:28:35.857 [info] Added views:timeline in workbench.view.explorer
2024-09-13 13:28:35.857 [info] Added views:workbench.explorer.fileView in workbench.view.explorer
2024-09-13 13:28:35.989 [info] Added views:workbench.debug.welcome in workbench.view.debug
2024-09-13 13:28:36.832 [info] Added views:ocaml-sandbox,ocaml-switches,ocaml-commands,ocaml-help in workbench.view.extension.ocaml-explorer
2024-09-13 13:28:36.847 [info] Added views:~remote.forwardedPorts in ~remote.forwardedPortsContainer
2024-09-13 13:28:37.543 [info] Added views:workbench.panel.repl.view in workbench.panel.repl
2024-09-13 13:28:55.875 [info] Added views:workbench.panel.markers.view in workbench.panel.markers
2024-09-13 13:28:55.875 [info] Added views:workbench.panel.output in workbench.panel.output
2024-09-13 13:28:55.875 [info] Added views:terminal in terminal
2024-09-13 13:28:55.875 [info] Added views:outline in workbench.view.explorer
2024-09-13 13:28:55.875 [info] Added views:workbench.scm in workbench.view.scm
2024-09-13 13:28:55.875 [info] Added views:workbench.view.search in workbench.view.search
2024-09-13 13:28:55.875 [info] Added views:timeline in workbench.view.explorer
2024-09-13 13:28:55.875 [info] Added views:workbench.explorer.fileView in workbench.view.explorer
2024-09-13 13:28:56.111 [info] Added views:ocaml-sandbox,ocaml-switches,ocaml-commands,ocaml-help in workbench.view.extension.ocaml-explorer
2024-09-13 13:28:56.149 [info] Added views:workbench.debug.welcome in workbench.view.debug
2024-09-13 13:28:56.154 [info] Added views:workbench.panel.repl.view in workbench.panel.repl
2024-09-13 13:28:58.056 [info] Added views:~remote.forwardedPorts in ~remote.forwardedPortsContainer
